ERROR Wechat Log Wechat - 2015/07/15 13:37:17,999   Application Exception: System.Web.HttpUnhandledException (0x80004005): Exception of type 'System.Web.HttpUnhandledException' was thrown. ---> System.NullReferenceException: Object reference not set to an instance of an object.
   at FlyingSnow.Web.Pages.AgencyTypeIn.Update_Click(Object sender, EventArgs e)
   at System.Web.UI.WebControls.Button.OnClick(EventArgs e)
   at System.Web.UI.WebControls.Button.RaisePostBackEvent(String eventArgument)
   at System.Web.UI.WebControls.Button.System.Web.UI.IPostBackEventHandler.RaisePostBackEvent(String eventArgument)
   at System.Web.UI.Page.RaisePostBackEvent(IPostBackEventHandler sourceControl, String eventArgument)
   at System.Web.UI.Page.RaisePostBackEvent(NameValueCollection postData)
   at System.Web.UI.Page.ProcessRequestMain(Boolean includeStagesBeforeAsyncPoint, Boolean includeStagesAfterAsyncPoint)
   at System.Web.UI.Page.HandleError(Exception e)
   at System.Web.UI.Page.ProcessRequestMain(Boolean includeStagesBeforeAsyncPoint, Boolean includeStagesAfterAsyncPoint)
   at System.Web.UI.Page.ProcessRequest(Boolean includeStagesBeforeAsyncPoint, Boolean includeStagesAfterAsyncPoint)
   at System.Web.UI.Page.ProcessRequest()
   at System.Web.UI.Page.ProcessRequestWithNoAssert(HttpContext context)
   at System.Web.UI.Page.ProcessRequest(HttpContext context)
   at ASP.pages_agencyinfo_aspx.ProcessRequest(HttpContext context) in c:\Users\Andy\AppData\Local\Temp\Temporary ASP.NET Files\root\03e7ce1f\b39b75c7\App_Web_htdfripo.2.cs:line 0
   at System.Web.HttpApplication.CallHandlerExecutionStep.System.Web.HttpApplication.IExecutionStep.Execute()
   at System.Web.HttpApplication.ExecuteStep(IExecutionStep step, Boolean& completedSynchronously)           
ERROR Wechat Log Wechat - 2015/07/15 13:54:06,027   Application Exception: System.Web.HttpUnhandledException (0x80004005): Exception of type 'System.Web.HttpUnhandledException' was thrown. ---> System.NullReferenceException: Object reference not set to an instance of an object.
   at FlyingSnow.Web.Pages.AgencyTypeIn.Update_Click(Object sender, EventArgs e) in d:\GitHub\FlyingSnow\FlyingSnow.Web\Pages\AgencyInfo.aspx.cs:line 86
   at System.Web.UI.WebControls.Button.OnClick(EventArgs e)
   at System.Web.UI.WebControls.Button.RaisePostBackEvent(String eventArgument)
   at System.Web.UI.WebControls.Button.System.Web.UI.IPostBackEventHandler.RaisePostBackEvent(String eventArgument)
   at System.Web.UI.Page.RaisePostBackEvent(IPostBackEventHandler sourceControl, String eventArgument)
   at System.Web.UI.Page.RaisePostBackEvent(NameValueCollection postData)
   at System.Web.UI.Page.ProcessRequestMain(Boolean includeStagesBeforeAsyncPoint, Boolean includeStagesAfterAsyncPoint)
   at System.Web.UI.Page.HandleError(Exception e)
   at System.Web.UI.Page.ProcessRequestMain(Boolean includeStagesBeforeAsyncPoint, Boolean includeStagesAfterAsyncPoint)
   at System.Web.UI.Page.ProcessRequest(Boolean includeStagesBeforeAsyncPoint, Boolean includeStagesAfterAsyncPoint)
   at System.Web.UI.Page.ProcessRequest()
   at System.Web.UI.Page.ProcessRequestWithNoAssert(HttpContext context)
   at System.Web.UI.Page.ProcessRequest(HttpContext context)
   at ASP.pages_agencyinfo_aspx.ProcessRequest(HttpContext context) in c:\Users\Andy\AppData\Local\Temp\Temporary ASP.NET Files\root\03e7ce1f\b39b75c7\App_Web_srnozspq.1.cs:line 0
   at System.Web.HttpApplication.CallHandlerExecutionStep.System.Web.HttpApplication.IExecutionStep.Execute()
   at System.Web.HttpApplication.ExecuteStep(IExecutionStep step, Boolean& completedSynchronously)           
ERROR Wechat Log Wechat - 2015/07/15 14:28:46,288   DeleteAgencyByGuid Exception : System.ArgumentNullException: Value cannot be null.
Parameter name: entity
   at System.Data.Entity.Utilities.Check.NotNull[T](T value, String parameterName)
   at System.Data.Entity.DbSet`1.Remove(TEntity entity)
   at FlyingSnow.Controls.AgencyControl.DeleteAgencyByGuid(Guid guid) in d:\GitHub\FlyingSnow\FlyingSnow.Controls\AgencyControl.cs:line 134           
ERROR Wechat Log Wechat - 2015/07/15 14:28:49,873   DeleteAgencyByGuid Exception : System.ArgumentNullException: Value cannot be null.
Parameter name: entity
   at System.Data.Entity.Utilities.Check.NotNull[T](T value, String parameterName)
   at System.Data.Entity.DbSet`1.Remove(TEntity entity)
   at FlyingSnow.Controls.AgencyControl.DeleteAgencyByGuid(Guid guid) in d:\GitHub\FlyingSnow\FlyingSnow.Controls\AgencyControl.cs:line 134           
