ERROR Wechat Log Wechat - 2015/07/29 02:45:51,936   Application Exception: System.Web.HttpUnhandledException (0x80004005): 引发类型为“System.Web.HttpUnhandledException”的异常。 ---> System.Web.HttpException (0x80004005): 在选定的数据源上未找到名为“AgencyGuid”的字段或属性。
   在 System.Web.UI.WebControls.BoundColumn.OnDataBindColumn(Object sender, EventArgs e)
   在 System.Web.UI.Control.OnDataBinding(EventArgs e)
   在 System.Web.UI.Control.DataBind(Boolean raiseOnDataBinding)
   在 System.Web.UI.Control.DataBind()
   在 System.Web.UI.Control.DataBindChildren()
   在 System.Web.UI.Control.DataBind(Boolean raiseOnDataBinding)
   在 System.Web.UI.Control.DataBind()
   在 System.Web.UI.WebControls.DataGrid.CreateItem(Int32 itemIndex, Int32 dataSourceIndex, ListItemType itemType, Boolean dataBind, Object dataItem, DataGridColumn[] columns, TableRowCollection rows, PagedDataSource pagedDataSource)
   在 System.Web.UI.WebControls.DataGrid.CreateControlHierarchy(Boolean useDataSource)
   在 System.Web.UI.WebControls.BaseDataList.OnDataBinding(EventArgs e)
   在 System.Web.UI.WebControls.BaseDataList.DataBind()
   在 FlyingSnow.Web.Pages.AgencyManager.SearchButton_Click(Object sender, EventArgs e) 位置 c:\Users\hzhang\Documents\GitHub\FlyingSnow.Travel\FlyingSnow.Web\Pages\AgencyManager.aspx.cs:行号 62
   在 System.Web.UI.WebControls.Button.OnClick(EventArgs e)
   在 System.Web.UI.WebControls.Button.RaisePostBackEvent(String eventArgument)
   在 System.Web.UI.WebControls.Button.System.Web.UI.IPostBackEventHandler.RaisePostBackEvent(String eventArgument)
   在 System.Web.UI.Page.RaisePostBackEvent(IPostBackEventHandler sourceControl, String eventArgument)
   在 System.Web.UI.Page.RaisePostBackEvent(NameValueCollection postData)
   在 System.Web.UI.Page.ProcessRequestMain(Boolean includeStagesBeforeAsyncPoint, Boolean includeStagesAfterAsyncPoint)
   在 System.Web.UI.Page.HandleError(Exception e)
   在 System.Web.UI.Page.ProcessRequestMain(Boolean includeStagesBeforeAsyncPoint, Boolean includeStagesAfterAsyncPoint)
   在 System.Web.UI.Page.ProcessRequest(Boolean includeStagesBeforeAsyncPoint, Boolean includeStagesAfterAsyncPoint)
   在 System.Web.UI.Page.ProcessRequest()
   在 System.Web.UI.Page.ProcessRequestWithNoAssert(HttpContext context)
   在 System.Web.UI.Page.ProcessRequest(HttpContext context)
   在 ASP.pages_agencymanager_aspx.ProcessRequest(HttpContext context) 位置 c:\Users\hzhang\AppData\Local\Temp\Temporary ASP.NET Files\root\4a3d9a3f\1b177486\App_Web_zsfv1rei.1.cs:行号 0
   在 System.Web.HttpApplication.CallHandlerExecutionStep.System.Web.HttpApplication.IExecutionStep.Execute()
   在 System.Web.HttpApplication.ExecuteStep(IExecutionStep step, Boolean& completedSynchronously)           
ERROR Wechat Log Wechat - 2015/07/29 02:45:57,972   Application Exception: System.Web.HttpUnhandledException (0x80004005): 引发类型为“System.Web.HttpUnhandledException”的异常。 ---> System.Web.HttpException (0x80004005): 在选定的数据源上未找到名为“AgencyGuid”的字段或属性。
   在 System.Web.UI.WebControls.BoundColumn.OnDataBindColumn(Object sender, EventArgs e)
   在 System.Web.UI.Control.OnDataBinding(EventArgs e)
   在 System.Web.UI.Control.DataBind(Boolean raiseOnDataBinding)
   在 System.Web.UI.Control.DataBind()
   在 System.Web.UI.Control.DataBindChildren()
   在 System.Web.UI.Control.DataBind(Boolean raiseOnDataBinding)
   在 System.Web.UI.Control.DataBind()
   在 System.Web.UI.WebControls.DataGrid.CreateItem(Int32 itemIndex, Int32 dataSourceIndex, ListItemType itemType, Boolean dataBind, Object dataItem, DataGridColumn[] columns, TableRowCollection rows, PagedDataSource pagedDataSource)
   在 System.Web.UI.WebControls.DataGrid.CreateControlHierarchy(Boolean useDataSource)
   在 System.Web.UI.WebControls.BaseDataList.OnDataBinding(EventArgs e)
   在 System.Web.UI.WebControls.BaseDataList.DataBind()
   在 FlyingSnow.Web.Pages.AgencyManager.SearchButton_Click(Object sender, EventArgs e) 位置 c:\Users\hzhang\Documents\GitHub\FlyingSnow.Travel\FlyingSnow.Web\Pages\AgencyManager.aspx.cs:行号 62
   在 System.Web.UI.WebControls.Button.OnClick(EventArgs e)
   在 System.Web.UI.WebControls.Button.RaisePostBackEvent(String eventArgument)
   在 System.Web.UI.WebControls.Button.System.Web.UI.IPostBackEventHandler.RaisePostBackEvent(String eventArgument)
   在 System.Web.UI.Page.RaisePostBackEvent(IPostBackEventHandler sourceControl, String eventArgument)
   在 System.Web.UI.Page.RaisePostBackEvent(NameValueCollection postData)
   在 System.Web.UI.Page.ProcessRequestMain(Boolean includeStagesBeforeAsyncPoint, Boolean includeStagesAfterAsyncPoint)
   在 System.Web.UI.Page.HandleError(Exception e)
   在 System.Web.UI.Page.ProcessRequestMain(Boolean includeStagesBeforeAsyncPoint, Boolean includeStagesAfterAsyncPoint)
   在 System.Web.UI.Page.ProcessRequest(Boolean includeStagesBeforeAsyncPoint, Boolean includeStagesAfterAsyncPoint)
   在 System.Web.UI.Page.ProcessRequest()
   在 System.Web.UI.Page.ProcessRequestWithNoAssert(HttpContext context)
   在 System.Web.UI.Page.ProcessRequest(HttpContext context)
   在 ASP.pages_agencymanager_aspx.ProcessRequest(HttpContext context) 位置 c:\Users\hzhang\AppData\Local\Temp\Temporary ASP.NET Files\root\4a3d9a3f\1b177486\App_Web_zsfv1rei.1.cs:行号 0
   在 System.Web.HttpApplication.CallHandlerExecutionStep.System.Web.HttpApplication.IExecutionStep.Execute()
   在 System.Web.HttpApplication.ExecuteStep(IExecutionStep step, Boolean& completedSynchronously)           
