DEBUG Wechat Log Wechat - 2015/12/30 03:30:19,452   Begin Create Agency!{"AgencyCode":"a002","AgencyName":"2","AgencyPrincipal":"2","AgencyPrincipalPhone":"","AgencyFinancePhone":"","AgencyFax":"","AgencyAddress":"","AgencyContacts":[{"Name":"2","QQ":"2"}],"Note":"","CreateBy":""}           
ERROR Wechat Log Wechat - 2015/12/30 05:39:00,516   GetAgenciesByFilter Exception : System.NotSupportedException: Unable to create a null constant value of type 'System.Object'. Only entity types, enumeration types or primitive types are supported in this context.
   at System.Data.Entity.Core.Objects.ELinq.ExpressionConverter.ConstantTranslator.TypedTranslate(ExpressionConverter parent, ConstantExpression linq)
   at System.Data.Entity.Core.Objects.ELinq.ExpressionConverter.TypedTranslator`1.Translate(ExpressionConverter parent, Expression linq)
   at System.Data.Entity.Core.Objects.ELinq.ExpressionConverter.TranslateExpression(Expression linq)
   at System.Data.Entity.Core.Objects.ELinq.ExpressionConverter.StringTranslatorUtil.ConvertToString(ExpressionConverter parent, Expression linqExpression)
   at System.Data.Entity.Core.Objects.ELinq.ExpressionConverter.MethodCallTranslator.ToStringTranslator.Translate(ExpressionConverter parent, MethodCallExpression call)
   at System.Data.Entity.Core.Objects.ELinq.ExpressionConverter.MethodCallTranslator.TypedTranslate(ExpressionConverter parent, MethodCallExpression linq)
   at System.Data.Entity.Core.Objects.ELinq.ExpressionConverter.TypedTranslator`1.Translate(ExpressionConverter parent, Expression linq)
   at System.Data.Entity.Core.Objects.ELinq.ExpressionConverter.TranslateExpression(Expression linq)
   at System.Data.Entity.Core.Objects.ELinq.ExpressionConverter.TranslateFunctionIntoLike(MethodCallExpression call, Boolean insertPercentAtStart, Boolean insertPercentAtEnd, Func`5 defaultTranslator)
   at System.Data.Entity.Core.Objects.ELinq.ExpressionConverter.MethodCallTranslator.StringContainsTranslator.Translate(ExpressionConverter parent, MethodCallExpression call)
   at System.Data.Entity.Core.Objects.ELinq.ExpressionConverter.MethodCallTranslator.TypedTranslate(ExpressionConverter parent, MethodCallExpression linq)
   at System.Data.Entity.Core.Objects.ELinq.ExpressionConverter.TypedTranslator`1.Translate(ExpressionConverter parent, Expression linq)
   at System.Data.Entity.Core.Objects.ELinq.ExpressionConverter.TranslateExpression(Expression linq)
   at System.Data.Entity.Core.Objects.ELinq.ExpressionConverter.TranslateLambda(LambdaExpression lambda, DbExpression input)
   at System.Data.Entity.Core.Objects.ELinq.ExpressionConverter.TranslateLambda(LambdaExpression lambda, DbExpression input, DbExpressionBinding& binding)
   at System.Data.Entity.Core.Objects.ELinq.ExpressionConverter.MethodCallTranslator.OneLambdaTranslator.Translate(ExpressionConverter parent, MethodCallExpression call, DbExpression& source, DbExpressionBinding& sourceBinding, DbExpression& lambda)
   at System.Data.Entity.Core.Objects.ELinq.ExpressionConverter.MethodCallTranslator.OneLambdaTranslator.Translate(ExpressionConverter parent, MethodCallExpression call)
   at System.Data.Entity.Core.Objects.ELinq.ExpressionConverter.MethodCallTranslator.SequenceMethodTranslator.Translate(ExpressionConverter parent, MethodCallExpression call, SequenceMethod sequenceMethod)
   at System.Data.Entity.Core.Objects.ELinq.ExpressionConverter.MethodCallTranslator.TypedTranslate(ExpressionConverter parent, MethodCallExpression linq)
   at System.Data.Entity.Core.Objects.ELinq.ExpressionConverter.TypedTranslator`1.Translate(ExpressionConverter parent, Expression linq)
   at System.Data.Entity.Core.Objects.ELinq.ExpressionConverter.TranslateExpression(Expression linq)
   at System.Data.Entity.Core.Objects.ELinq.ExpressionConverter.Convert()
   at System.Data.Entity.Core.Objects.ELinq.ELinqQueryState.GetExecutionPlan(Nullable`1 forMergeOption)
   at System.Data.Entity.Core.Objects.ObjectQuery`1.<>c__DisplayClass7.<GetResults>b__6()
   at System.Data.Entity.Core.Objects.ObjectContext.ExecuteInTransaction[T](Func`1 func, IDbExecutionStrategy executionStrategy, Boolean startLocalTransaction, Boolean releaseConnectionOnSuccess)
   at System.Data.Entity.Core.Objects.ObjectQuery`1.<>c__DisplayClass7.<GetResults>b__5()
   at System.Data.Entity.SqlServer.DefaultSqlExecutionStrategy.Execute[TResult](Func`1 operation)
   at System.Data.Entity.Core.Objects.ObjectQuery`1.GetResults(Nullable`1 forMergeOption)
   at System.Data.Entity.Core.Objects.ObjectQuery`1.<System.Collections.Generic.IEnumerable<T>.GetEnumerator>b__0()
   at System.Data.Entity.Internal.LazyEnumerator`1.MoveNext()
   at System.Collections.Generic.List`1..ctor(IEnumerable`1 collection)
   at System.Linq.Enumerable.ToList[TSource](IEnumerable`1 source)
   at FlyingSnow.Controls.AgencyControl.GetAgenciesByFilter(String key, Object value) in D:\GitHub\FlyingSnow.Travel\FlyingSnow.Controls\AgencyControl.cs:line 64           
ERROR Wechat Log Wechat - 2015/12/30 05:42:41,733   GetAgenciesByFilter Exception : System.NotSupportedException: Unable to create a null constant value of type 'System.Object'. Only entity types, enumeration types or primitive types are supported in this context.
   at System.Data.Entity.Core.Objects.ELinq.ExpressionConverter.ConstantTranslator.TypedTranslate(ExpressionConverter parent, ConstantExpression linq)
   at System.Data.Entity.Core.Objects.ELinq.ExpressionConverter.TypedTranslator`1.Translate(ExpressionConverter parent, Expression linq)
   at System.Data.Entity.Core.Objects.ELinq.ExpressionConverter.TranslateExpression(Expression linq)
   at System.Data.Entity.Core.Objects.ELinq.ExpressionConverter.StringTranslatorUtil.ConvertToString(ExpressionConverter parent, Expression linqExpression)
   at System.Data.Entity.Core.Objects.ELinq.ExpressionConverter.MethodCallTranslator.ToStringTranslator.Translate(ExpressionConverter parent, MethodCallExpression call)
   at System.Data.Entity.Core.Objects.ELinq.ExpressionConverter.MethodCallTranslator.TypedTranslate(ExpressionConverter parent, MethodCallExpression linq)
   at System.Data.Entity.Core.Objects.ELinq.ExpressionConverter.TypedTranslator`1.Translate(ExpressionConverter parent, Expression linq)
   at System.Data.Entity.Core.Objects.ELinq.ExpressionConverter.TranslateExpression(Expression linq)
   at System.Data.Entity.Core.Objects.ELinq.ExpressionConverter.TranslateFunctionIntoLike(MethodCallExpression call, Boolean insertPercentAtStart, Boolean insertPercentAtEnd, Func`5 defaultTranslator)
   at System.Data.Entity.Core.Objects.ELinq.ExpressionConverter.MethodCallTranslator.StringContainsTranslator.Translate(ExpressionConverter parent, MethodCallExpression call)
   at System.Data.Entity.Core.Objects.ELinq.ExpressionConverter.MethodCallTranslator.TypedTranslate(ExpressionConverter parent, MethodCallExpression linq)
   at System.Data.Entity.Core.Objects.ELinq.ExpressionConverter.TypedTranslator`1.Translate(ExpressionConverter parent, Expression linq)
   at System.Data.Entity.Core.Objects.ELinq.ExpressionConverter.TranslateExpression(Expression linq)
   at System.Data.Entity.Core.Objects.ELinq.ExpressionConverter.TranslateLambda(LambdaExpression lambda, DbExpression input)
   at System.Data.Entity.Core.Objects.ELinq.ExpressionConverter.TranslateLambda(LambdaExpression lambda, DbExpression input, DbExpressionBinding& binding)
   at System.Data.Entity.Core.Objects.ELinq.ExpressionConverter.MethodCallTranslator.OneLambdaTranslator.Translate(ExpressionConverter parent, MethodCallExpression call, DbExpression& source, DbExpressionBinding& sourceBinding, DbExpression& lambda)
   at System.Data.Entity.Core.Objects.ELinq.ExpressionConverter.MethodCallTranslator.OneLambdaTranslator.Translate(ExpressionConverter parent, MethodCallExpression call)
   at System.Data.Entity.Core.Objects.ELinq.ExpressionConverter.MethodCallTranslator.SequenceMethodTranslator.Translate(ExpressionConverter parent, MethodCallExpression call, SequenceMethod sequenceMethod)
   at System.Data.Entity.Core.Objects.ELinq.ExpressionConverter.MethodCallTranslator.TypedTranslate(ExpressionConverter parent, MethodCallExpression linq)
   at System.Data.Entity.Core.Objects.ELinq.ExpressionConverter.TypedTranslator`1.Translate(ExpressionConverter parent, Expression linq)
   at System.Data.Entity.Core.Objects.ELinq.ExpressionConverter.TranslateExpression(Expression linq)
   at System.Data.Entity.Core.Objects.ELinq.ExpressionConverter.Convert()
   at System.Data.Entity.Core.Objects.ELinq.ELinqQueryState.GetExecutionPlan(Nullable`1 forMergeOption)
   at System.Data.Entity.Core.Objects.ObjectQuery`1.<>c__DisplayClass7.<GetResults>b__6()
   at System.Data.Entity.Core.Objects.ObjectContext.ExecuteInTransaction[T](Func`1 func, IDbExecutionStrategy executionStrategy, Boolean startLocalTransaction, Boolean releaseConnectionOnSuccess)
   at System.Data.Entity.Core.Objects.ObjectQuery`1.<>c__DisplayClass7.<GetResults>b__5()
   at System.Data.Entity.SqlServer.DefaultSqlExecutionStrategy.Execute[TResult](Func`1 operation)
   at System.Data.Entity.Core.Objects.ObjectQuery`1.GetResults(Nullable`1 forMergeOption)
   at System.Data.Entity.Core.Objects.ObjectQuery`1.<System.Collections.Generic.IEnumerable<T>.GetEnumerator>b__0()
   at System.Data.Entity.Internal.LazyEnumerator`1.MoveNext()
   at System.Collections.Generic.List`1..ctor(IEnumerable`1 collection)
   at System.Linq.Enumerable.ToList[TSource](IEnumerable`1 source)
   at FlyingSnow.Controls.AgencyControl.GetAgenciesByFilter(String key, Object value) in D:\GitHub\FlyingSnow.Travel\FlyingSnow.Controls\AgencyControl.cs:line 64           
ERROR Wechat Log Wechat - 2015/12/30 05:42:43,193   GetAgenciesByFilter Exception : System.NotSupportedException: Unable to create a null constant value of type 'System.Object'. Only entity types, enumeration types or primitive types are supported in this context.
   at System.Data.Entity.Core.Objects.ELinq.ExpressionConverter.ConstantTranslator.TypedTranslate(ExpressionConverter parent, ConstantExpression linq)
   at System.Data.Entity.Core.Objects.ELinq.ExpressionConverter.TypedTranslator`1.Translate(ExpressionConverter parent, Expression linq)
   at System.Data.Entity.Core.Objects.ELinq.ExpressionConverter.TranslateExpression(Expression linq)
   at System.Data.Entity.Core.Objects.ELinq.ExpressionConverter.StringTranslatorUtil.ConvertToString(ExpressionConverter parent, Expression linqExpression)
   at System.Data.Entity.Core.Objects.ELinq.ExpressionConverter.MethodCallTranslator.ToStringTranslator.Translate(ExpressionConverter parent, MethodCallExpression call)
   at System.Data.Entity.Core.Objects.ELinq.ExpressionConverter.MethodCallTranslator.TypedTranslate(ExpressionConverter parent, MethodCallExpression linq)
   at System.Data.Entity.Core.Objects.ELinq.ExpressionConverter.TypedTranslator`1.Translate(ExpressionConverter parent, Expression linq)
   at System.Data.Entity.Core.Objects.ELinq.ExpressionConverter.TranslateExpression(Expression linq)
   at System.Data.Entity.Core.Objects.ELinq.ExpressionConverter.TranslateFunctionIntoLike(MethodCallExpression call, Boolean insertPercentAtStart, Boolean insertPercentAtEnd, Func`5 defaultTranslator)
   at System.Data.Entity.Core.Objects.ELinq.ExpressionConverter.MethodCallTranslator.StringContainsTranslator.Translate(ExpressionConverter parent, MethodCallExpression call)
   at System.Data.Entity.Core.Objects.ELinq.ExpressionConverter.MethodCallTranslator.TypedTranslate(ExpressionConverter parent, MethodCallExpression linq)
   at System.Data.Entity.Core.Objects.ELinq.ExpressionConverter.TypedTranslator`1.Translate(ExpressionConverter parent, Expression linq)
   at System.Data.Entity.Core.Objects.ELinq.ExpressionConverter.TranslateExpression(Expression linq)
   at System.Data.Entity.Core.Objects.ELinq.ExpressionConverter.TranslateLambda(LambdaExpression lambda, DbExpression input)
   at System.Data.Entity.Core.Objects.ELinq.ExpressionConverter.TranslateLambda(LambdaExpression lambda, DbExpression input, DbExpressionBinding& binding)
   at System.Data.Entity.Core.Objects.ELinq.ExpressionConverter.MethodCallTranslator.OneLambdaTranslator.Translate(ExpressionConverter parent, MethodCallExpression call, DbExpression& source, DbExpressionBinding& sourceBinding, DbExpression& lambda)
   at System.Data.Entity.Core.Objects.ELinq.ExpressionConverter.MethodCallTranslator.OneLambdaTranslator.Translate(ExpressionConverter parent, MethodCallExpression call)
   at System.Data.Entity.Core.Objects.ELinq.ExpressionConverter.MethodCallTranslator.SequenceMethodTranslator.Translate(ExpressionConverter parent, MethodCallExpression call, SequenceMethod sequenceMethod)
   at System.Data.Entity.Core.Objects.ELinq.ExpressionConverter.MethodCallTranslator.TypedTranslate(ExpressionConverter parent, MethodCallExpression linq)
   at System.Data.Entity.Core.Objects.ELinq.ExpressionConverter.TypedTranslator`1.Translate(ExpressionConverter parent, Expression linq)
   at System.Data.Entity.Core.Objects.ELinq.ExpressionConverter.TranslateExpression(Expression linq)
   at System.Data.Entity.Core.Objects.ELinq.ExpressionConverter.Convert()
   at System.Data.Entity.Core.Objects.ELinq.ELinqQueryState.GetExecutionPlan(Nullable`1 forMergeOption)
   at System.Data.Entity.Core.Objects.ObjectQuery`1.<>c__DisplayClass7.<GetResults>b__6()
   at System.Data.Entity.Core.Objects.ObjectContext.ExecuteInTransaction[T](Func`1 func, IDbExecutionStrategy executionStrategy, Boolean startLocalTransaction, Boolean releaseConnectionOnSuccess)
   at System.Data.Entity.Core.Objects.ObjectQuery`1.<>c__DisplayClass7.<GetResults>b__5()
   at System.Data.Entity.SqlServer.DefaultSqlExecutionStrategy.Execute[TResult](Func`1 operation)
   at System.Data.Entity.Core.Objects.ObjectQuery`1.GetResults(Nullable`1 forMergeOption)
   at System.Data.Entity.Core.Objects.ObjectQuery`1.<System.Collections.Generic.IEnumerable<T>.GetEnumerator>b__0()
   at System.Data.Entity.Internal.LazyEnumerator`1.MoveNext()
   at System.Collections.Generic.List`1..ctor(IEnumerable`1 collection)
   at System.Linq.Enumerable.ToList[TSource](IEnumerable`1 source)
   at FlyingSnow.Controls.AgencyControl.GetAgenciesByFilter(String key, Object value) in D:\GitHub\FlyingSnow.Travel\FlyingSnow.Controls\AgencyControl.cs:line 64           
ERROR Wechat Log Wechat - 2015/12/30 05:42:43,421   GetAgenciesByFilter Exception : System.NotSupportedException: Unable to create a null constant value of type 'System.Object'. Only entity types, enumeration types or primitive types are supported in this context.
   at System.Data.Entity.Core.Objects.ELinq.ExpressionConverter.ConstantTranslator.TypedTranslate(ExpressionConverter parent, ConstantExpression linq)
   at System.Data.Entity.Core.Objects.ELinq.ExpressionConverter.TypedTranslator`1.Translate(ExpressionConverter parent, Expression linq)
   at System.Data.Entity.Core.Objects.ELinq.ExpressionConverter.TranslateExpression(Expression linq)
   at System.Data.Entity.Core.Objects.ELinq.ExpressionConverter.StringTranslatorUtil.ConvertToString(ExpressionConverter parent, Expression linqExpression)
   at System.Data.Entity.Core.Objects.ELinq.ExpressionConverter.MethodCallTranslator.ToStringTranslator.Translate(ExpressionConverter parent, MethodCallExpression call)
   at System.Data.Entity.Core.Objects.ELinq.ExpressionConverter.MethodCallTranslator.TypedTranslate(ExpressionConverter parent, MethodCallExpression linq)
   at System.Data.Entity.Core.Objects.ELinq.ExpressionConverter.TypedTranslator`1.Translate(ExpressionConverter parent, Expression linq)
   at System.Data.Entity.Core.Objects.ELinq.ExpressionConverter.TranslateExpression(Expression linq)
   at System.Data.Entity.Core.Objects.ELinq.ExpressionConverter.TranslateFunctionIntoLike(MethodCallExpression call, Boolean insertPercentAtStart, Boolean insertPercentAtEnd, Func`5 defaultTranslator)
   at System.Data.Entity.Core.Objects.ELinq.ExpressionConverter.MethodCallTranslator.StringContainsTranslator.Translate(ExpressionConverter parent, MethodCallExpression call)
   at System.Data.Entity.Core.Objects.ELinq.ExpressionConverter.MethodCallTranslator.TypedTranslate(ExpressionConverter parent, MethodCallExpression linq)
   at System.Data.Entity.Core.Objects.ELinq.ExpressionConverter.TypedTranslator`1.Translate(ExpressionConverter parent, Expression linq)
   at System.Data.Entity.Core.Objects.ELinq.ExpressionConverter.TranslateExpression(Expression linq)
   at System.Data.Entity.Core.Objects.ELinq.ExpressionConverter.TranslateLambda(LambdaExpression lambda, DbExpression input)
   at System.Data.Entity.Core.Objects.ELinq.ExpressionConverter.TranslateLambda(LambdaExpression lambda, DbExpression input, DbExpressionBinding& binding)
   at System.Data.Entity.Core.Objects.ELinq.ExpressionConverter.MethodCallTranslator.OneLambdaTranslator.Translate(ExpressionConverter parent, MethodCallExpression call, DbExpression& source, DbExpressionBinding& sourceBinding, DbExpression& lambda)
   at System.Data.Entity.Core.Objects.ELinq.ExpressionConverter.MethodCallTranslator.OneLambdaTranslator.Translate(ExpressionConverter parent, MethodCallExpression call)
   at System.Data.Entity.Core.Objects.ELinq.ExpressionConverter.MethodCallTranslator.SequenceMethodTranslator.Translate(ExpressionConverter parent, MethodCallExpression call, SequenceMethod sequenceMethod)
   at System.Data.Entity.Core.Objects.ELinq.ExpressionConverter.MethodCallTranslator.TypedTranslate(ExpressionConverter parent, MethodCallExpression linq)
   at System.Data.Entity.Core.Objects.ELinq.ExpressionConverter.TypedTranslator`1.Translate(ExpressionConverter parent, Expression linq)
   at System.Data.Entity.Core.Objects.ELinq.ExpressionConverter.TranslateExpression(Expression linq)
   at System.Data.Entity.Core.Objects.ELinq.ExpressionConverter.Convert()
   at System.Data.Entity.Core.Objects.ELinq.ELinqQueryState.GetExecutionPlan(Nullable`1 forMergeOption)
   at System.Data.Entity.Core.Objects.ObjectQuery`1.<>c__DisplayClass7.<GetResults>b__6()
   at System.Data.Entity.Core.Objects.ObjectContext.ExecuteInTransaction[T](Func`1 func, IDbExecutionStrategy executionStrategy, Boolean startLocalTransaction, Boolean releaseConnectionOnSuccess)
   at System.Data.Entity.Core.Objects.ObjectQuery`1.<>c__DisplayClass7.<GetResults>b__5()
   at System.Data.Entity.SqlServer.DefaultSqlExecutionStrategy.Execute[TResult](Func`1 operation)
   at System.Data.Entity.Core.Objects.ObjectQuery`1.GetResults(Nullable`1 forMergeOption)
   at System.Data.Entity.Core.Objects.ObjectQuery`1.<System.Collections.Generic.IEnumerable<T>.GetEnumerator>b__0()
   at System.Data.Entity.Internal.LazyEnumerator`1.MoveNext()
   at System.Collections.Generic.List`1..ctor(IEnumerable`1 collection)
   at System.Linq.Enumerable.ToList[TSource](IEnumerable`1 source)
   at FlyingSnow.Controls.AgencyControl.GetAgenciesByFilter(String key, Object value) in D:\GitHub\FlyingSnow.Travel\FlyingSnow.Controls\AgencyControl.cs:line 64           
ERROR Wechat Log Wechat - 2015/12/30 05:42:43,610   GetAgenciesByFilter Exception : System.NotSupportedException: Unable to create a null constant value of type 'System.Object'. Only entity types, enumeration types or primitive types are supported in this context.
   at System.Data.Entity.Core.Objects.ELinq.ExpressionConverter.ConstantTranslator.TypedTranslate(ExpressionConverter parent, ConstantExpression linq)
   at System.Data.Entity.Core.Objects.ELinq.ExpressionConverter.TypedTranslator`1.Translate(ExpressionConverter parent, Expression linq)
   at System.Data.Entity.Core.Objects.ELinq.ExpressionConverter.TranslateExpression(Expression linq)
   at System.Data.Entity.Core.Objects.ELinq.ExpressionConverter.StringTranslatorUtil.ConvertToString(ExpressionConverter parent, Expression linqExpression)
   at System.Data.Entity.Core.Objects.ELinq.ExpressionConverter.MethodCallTranslator.ToStringTranslator.Translate(ExpressionConverter parent, MethodCallExpression call)
   at System.Data.Entity.Core.Objects.ELinq.ExpressionConverter.MethodCallTranslator.TypedTranslate(ExpressionConverter parent, MethodCallExpression linq)
   at System.Data.Entity.Core.Objects.ELinq.ExpressionConverter.TypedTranslator`1.Translate(ExpressionConverter parent, Expression linq)
   at System.Data.Entity.Core.Objects.ELinq.ExpressionConverter.TranslateExpression(Expression linq)
   at System.Data.Entity.Core.Objects.ELinq.ExpressionConverter.TranslateFunctionIntoLike(MethodCallExpression call, Boolean insertPercentAtStart, Boolean insertPercentAtEnd, Func`5 defaultTranslator)
   at System.Data.Entity.Core.Objects.ELinq.ExpressionConverter.MethodCallTranslator.StringContainsTranslator.Translate(ExpressionConverter parent, MethodCallExpression call)
   at System.Data.Entity.Core.Objects.ELinq.ExpressionConverter.MethodCallTranslator.TypedTranslate(ExpressionConverter parent, MethodCallExpression linq)
   at System.Data.Entity.Core.Objects.ELinq.ExpressionConverter.TypedTranslator`1.Translate(ExpressionConverter parent, Expression linq)
   at System.Data.Entity.Core.Objects.ELinq.ExpressionConverter.TranslateExpression(Expression linq)
   at System.Data.Entity.Core.Objects.ELinq.ExpressionConverter.TranslateLambda(LambdaExpression lambda, DbExpression input)
   at System.Data.Entity.Core.Objects.ELinq.ExpressionConverter.TranslateLambda(LambdaExpression lambda, DbExpression input, DbExpressionBinding& binding)
   at System.Data.Entity.Core.Objects.ELinq.ExpressionConverter.MethodCallTranslator.OneLambdaTranslator.Translate(ExpressionConverter parent, MethodCallExpression call, DbExpression& source, DbExpressionBinding& sourceBinding, DbExpression& lambda)
   at System.Data.Entity.Core.Objects.ELinq.ExpressionConverter.MethodCallTranslator.OneLambdaTranslator.Translate(ExpressionConverter parent, MethodCallExpression call)
   at System.Data.Entity.Core.Objects.ELinq.ExpressionConverter.MethodCallTranslator.SequenceMethodTranslator.Translate(ExpressionConverter parent, MethodCallExpression call, SequenceMethod sequenceMethod)
   at System.Data.Entity.Core.Objects.ELinq.ExpressionConverter.MethodCallTranslator.TypedTranslate(ExpressionConverter parent, MethodCallExpression linq)
   at System.Data.Entity.Core.Objects.ELinq.ExpressionConverter.TypedTranslator`1.Translate(ExpressionConverter parent, Expression linq)
   at System.Data.Entity.Core.Objects.ELinq.ExpressionConverter.TranslateExpression(Expression linq)
   at System.Data.Entity.Core.Objects.ELinq.ExpressionConverter.Convert()
   at System.Data.Entity.Core.Objects.ELinq.ELinqQueryState.GetExecutionPlan(Nullable`1 forMergeOption)
   at System.Data.Entity.Core.Objects.ObjectQuery`1.<>c__DisplayClass7.<GetResults>b__6()
   at System.Data.Entity.Core.Objects.ObjectContext.ExecuteInTransaction[T](Func`1 func, IDbExecutionStrategy executionStrategy, Boolean startLocalTransaction, Boolean releaseConnectionOnSuccess)
   at System.Data.Entity.Core.Objects.ObjectQuery`1.<>c__DisplayClass7.<GetResults>b__5()
   at System.Data.Entity.SqlServer.DefaultSqlExecutionStrategy.Execute[TResult](Func`1 operation)
   at System.Data.Entity.Core.Objects.ObjectQuery`1.GetResults(Nullable`1 forMergeOption)
   at System.Data.Entity.Core.Objects.ObjectQuery`1.<System.Collections.Generic.IEnumerable<T>.GetEnumerator>b__0()
   at System.Data.Entity.Internal.LazyEnumerator`1.MoveNext()
   at System.Collections.Generic.List`1..ctor(IEnumerable`1 collection)
   at System.Linq.Enumerable.ToList[TSource](IEnumerable`1 source)
   at FlyingSnow.Controls.AgencyControl.GetAgenciesByFilter(String key, Object value) in D:\GitHub\FlyingSnow.Travel\FlyingSnow.Controls\AgencyControl.cs:line 64           
ERROR Wechat Log Wechat - 2015/12/30 05:42:43,810   GetAgenciesByFilter Exception : System.NotSupportedException: Unable to create a null constant value of type 'System.Object'. Only entity types, enumeration types or primitive types are supported in this context.
   at System.Data.Entity.Core.Objects.ELinq.ExpressionConverter.ConstantTranslator.TypedTranslate(ExpressionConverter parent, ConstantExpression linq)
   at System.Data.Entity.Core.Objects.ELinq.ExpressionConverter.TypedTranslator`1.Translate(ExpressionConverter parent, Expression linq)
   at System.Data.Entity.Core.Objects.ELinq.ExpressionConverter.TranslateExpression(Expression linq)
   at System.Data.Entity.Core.Objects.ELinq.ExpressionConverter.StringTranslatorUtil.ConvertToString(ExpressionConverter parent, Expression linqExpression)
   at System.Data.Entity.Core.Objects.ELinq.ExpressionConverter.MethodCallTranslator.ToStringTranslator.Translate(ExpressionConverter parent, MethodCallExpression call)
   at System.Data.Entity.Core.Objects.ELinq.ExpressionConverter.MethodCallTranslator.TypedTranslate(ExpressionConverter parent, MethodCallExpression linq)
   at System.Data.Entity.Core.Objects.ELinq.ExpressionConverter.TypedTranslator`1.Translate(ExpressionConverter parent, Expression linq)
   at System.Data.Entity.Core.Objects.ELinq.ExpressionConverter.TranslateExpression(Expression linq)
   at System.Data.Entity.Core.Objects.ELinq.ExpressionConverter.TranslateFunctionIntoLike(MethodCallExpression call, Boolean insertPercentAtStart, Boolean insertPercentAtEnd, Func`5 defaultTranslator)
   at System.Data.Entity.Core.Objects.ELinq.ExpressionConverter.MethodCallTranslator.StringContainsTranslator.Translate(ExpressionConverter parent, MethodCallExpression call)
   at System.Data.Entity.Core.Objects.ELinq.ExpressionConverter.MethodCallTranslator.TypedTranslate(ExpressionConverter parent, MethodCallExpression linq)
   at System.Data.Entity.Core.Objects.ELinq.ExpressionConverter.TypedTranslator`1.Translate(ExpressionConverter parent, Expression linq)
   at System.Data.Entity.Core.Objects.ELinq.ExpressionConverter.TranslateExpression(Expression linq)
   at System.Data.Entity.Core.Objects.ELinq.ExpressionConverter.TranslateLambda(LambdaExpression lambda, DbExpression input)
   at System.Data.Entity.Core.Objects.ELinq.ExpressionConverter.TranslateLambda(LambdaExpression lambda, DbExpression input, DbExpressionBinding& binding)
   at System.Data.Entity.Core.Objects.ELinq.ExpressionConverter.MethodCallTranslator.OneLambdaTranslator.Translate(ExpressionConverter parent, MethodCallExpression call, DbExpression& source, DbExpressionBinding& sourceBinding, DbExpression& lambda)
   at System.Data.Entity.Core.Objects.ELinq.ExpressionConverter.MethodCallTranslator.OneLambdaTranslator.Translate(ExpressionConverter parent, MethodCallExpression call)
   at System.Data.Entity.Core.Objects.ELinq.ExpressionConverter.MethodCallTranslator.SequenceMethodTranslator.Translate(ExpressionConverter parent, MethodCallExpression call, SequenceMethod sequenceMethod)
   at System.Data.Entity.Core.Objects.ELinq.ExpressionConverter.MethodCallTranslator.TypedTranslate(ExpressionConverter parent, MethodCallExpression linq)
   at System.Data.Entity.Core.Objects.ELinq.ExpressionConverter.TypedTranslator`1.Translate(ExpressionConverter parent, Expression linq)
   at System.Data.Entity.Core.Objects.ELinq.ExpressionConverter.TranslateExpression(Expression linq)
   at System.Data.Entity.Core.Objects.ELinq.ExpressionConverter.Convert()
   at System.Data.Entity.Core.Objects.ELinq.ELinqQueryState.GetExecutionPlan(Nullable`1 forMergeOption)
   at System.Data.Entity.Core.Objects.ObjectQuery`1.<>c__DisplayClass7.<GetResults>b__6()
   at System.Data.Entity.Core.Objects.ObjectContext.ExecuteInTransaction[T](Func`1 func, IDbExecutionStrategy executionStrategy, Boolean startLocalTransaction, Boolean releaseConnectionOnSuccess)
   at System.Data.Entity.Core.Objects.ObjectQuery`1.<>c__DisplayClass7.<GetResults>b__5()
   at System.Data.Entity.SqlServer.DefaultSqlExecutionStrategy.Execute[TResult](Func`1 operation)
   at System.Data.Entity.Core.Objects.ObjectQuery`1.GetResults(Nullable`1 forMergeOption)
   at System.Data.Entity.Core.Objects.ObjectQuery`1.<System.Collections.Generic.IEnumerable<T>.GetEnumerator>b__0()
   at System.Data.Entity.Internal.LazyEnumerator`1.MoveNext()
   at System.Collections.Generic.List`1..ctor(IEnumerable`1 collection)
   at System.Linq.Enumerable.ToList[TSource](IEnumerable`1 source)
   at FlyingSnow.Controls.AgencyControl.GetAgenciesByFilter(String key, Object value) in D:\GitHub\FlyingSnow.Travel\FlyingSnow.Controls\AgencyControl.cs:line 64           
ERROR Wechat Log Wechat - 2015/12/30 05:42:44,329   GetAgenciesByFilter Exception : System.NotSupportedException: Unable to create a null constant value of type 'System.Object'. Only entity types, enumeration types or primitive types are supported in this context.
   at System.Data.Entity.Core.Objects.ELinq.ExpressionConverter.ConstantTranslator.TypedTranslate(ExpressionConverter parent, ConstantExpression linq)
   at System.Data.Entity.Core.Objects.ELinq.ExpressionConverter.TypedTranslator`1.Translate(ExpressionConverter parent, Expression linq)
   at System.Data.Entity.Core.Objects.ELinq.ExpressionConverter.TranslateExpression(Expression linq)
   at System.Data.Entity.Core.Objects.ELinq.ExpressionConverter.StringTranslatorUtil.ConvertToString(ExpressionConverter parent, Expression linqExpression)
   at System.Data.Entity.Core.Objects.ELinq.ExpressionConverter.MethodCallTranslator.ToStringTranslator.Translate(ExpressionConverter parent, MethodCallExpression call)
   at System.Data.Entity.Core.Objects.ELinq.ExpressionConverter.MethodCallTranslator.TypedTranslate(ExpressionConverter parent, MethodCallExpression linq)
   at System.Data.Entity.Core.Objects.ELinq.ExpressionConverter.TypedTranslator`1.Translate(ExpressionConverter parent, Expression linq)
   at System.Data.Entity.Core.Objects.ELinq.ExpressionConverter.TranslateExpression(Expression linq)
   at System.Data.Entity.Core.Objects.ELinq.ExpressionConverter.TranslateFunctionIntoLike(MethodCallExpression call, Boolean insertPercentAtStart, Boolean insertPercentAtEnd, Func`5 defaultTranslator)
   at System.Data.Entity.Core.Objects.ELinq.ExpressionConverter.MethodCallTranslator.StringContainsTranslator.Translate(ExpressionConverter parent, MethodCallExpression call)
   at System.Data.Entity.Core.Objects.ELinq.ExpressionConverter.MethodCallTranslator.TypedTranslate(ExpressionConverter parent, MethodCallExpression linq)
   at System.Data.Entity.Core.Objects.ELinq.ExpressionConverter.TypedTranslator`1.Translate(ExpressionConverter parent, Expression linq)
   at System.Data.Entity.Core.Objects.ELinq.ExpressionConverter.TranslateExpression(Expression linq)
   at System.Data.Entity.Core.Objects.ELinq.ExpressionConverter.TranslateLambda(LambdaExpression lambda, DbExpression input)
   at System.Data.Entity.Core.Objects.ELinq.ExpressionConverter.TranslateLambda(LambdaExpression lambda, DbExpression input, DbExpressionBinding& binding)
   at System.Data.Entity.Core.Objects.ELinq.ExpressionConverter.MethodCallTranslator.OneLambdaTranslator.Translate(ExpressionConverter parent, MethodCallExpression call, DbExpression& source, DbExpressionBinding& sourceBinding, DbExpression& lambda)
   at System.Data.Entity.Core.Objects.ELinq.ExpressionConverter.MethodCallTranslator.OneLambdaTranslator.Translate(ExpressionConverter parent, MethodCallExpression call)
   at System.Data.Entity.Core.Objects.ELinq.ExpressionConverter.MethodCallTranslator.SequenceMethodTranslator.Translate(ExpressionConverter parent, MethodCallExpression call, SequenceMethod sequenceMethod)
   at System.Data.Entity.Core.Objects.ELinq.ExpressionConverter.MethodCallTranslator.TypedTranslate(ExpressionConverter parent, MethodCallExpression linq)
   at System.Data.Entity.Core.Objects.ELinq.ExpressionConverter.TypedTranslator`1.Translate(ExpressionConverter parent, Expression linq)
   at System.Data.Entity.Core.Objects.ELinq.ExpressionConverter.TranslateExpression(Expression linq)
   at System.Data.Entity.Core.Objects.ELinq.ExpressionConverter.Convert()
   at System.Data.Entity.Core.Objects.ELinq.ELinqQueryState.GetExecutionPlan(Nullable`1 forMergeOption)
   at System.Data.Entity.Core.Objects.ObjectQuery`1.<>c__DisplayClass7.<GetResults>b__6()
   at System.Data.Entity.Core.Objects.ObjectContext.ExecuteInTransaction[T](Func`1 func, IDbExecutionStrategy executionStrategy, Boolean startLocalTransaction, Boolean releaseConnectionOnSuccess)
   at System.Data.Entity.Core.Objects.ObjectQuery`1.<>c__DisplayClass7.<GetResults>b__5()
   at System.Data.Entity.SqlServer.DefaultSqlExecutionStrategy.Execute[TResult](Func`1 operation)
   at System.Data.Entity.Core.Objects.ObjectQuery`1.GetResults(Nullable`1 forMergeOption)
   at System.Data.Entity.Core.Objects.ObjectQuery`1.<System.Collections.Generic.IEnumerable<T>.GetEnumerator>b__0()
   at System.Data.Entity.Internal.LazyEnumerator`1.MoveNext()
   at System.Collections.Generic.List`1..ctor(IEnumerable`1 collection)
   at System.Linq.Enumerable.ToList[TSource](IEnumerable`1 source)
   at FlyingSnow.Controls.AgencyControl.GetAgenciesByFilter(String key, Object value) in D:\GitHub\FlyingSnow.Travel\FlyingSnow.Controls\AgencyControl.cs:line 64           
ERROR Wechat Log Wechat - 2015/12/30 05:42:44,508   GetAgenciesByFilter Exception : System.NotSupportedException: Unable to create a null constant value of type 'System.Object'. Only entity types, enumeration types or primitive types are supported in this context.
   at System.Data.Entity.Core.Objects.ELinq.ExpressionConverter.ConstantTranslator.TypedTranslate(ExpressionConverter parent, ConstantExpression linq)
   at System.Data.Entity.Core.Objects.ELinq.ExpressionConverter.TypedTranslator`1.Translate(ExpressionConverter parent, Expression linq)
   at System.Data.Entity.Core.Objects.ELinq.ExpressionConverter.TranslateExpression(Expression linq)
   at System.Data.Entity.Core.Objects.ELinq.ExpressionConverter.StringTranslatorUtil.ConvertToString(ExpressionConverter parent, Expression linqExpression)
   at System.Data.Entity.Core.Objects.ELinq.ExpressionConverter.MethodCallTranslator.ToStringTranslator.Translate(ExpressionConverter parent, MethodCallExpression call)
   at System.Data.Entity.Core.Objects.ELinq.ExpressionConverter.MethodCallTranslator.TypedTranslate(ExpressionConverter parent, MethodCallExpression linq)
   at System.Data.Entity.Core.Objects.ELinq.ExpressionConverter.TypedTranslator`1.Translate(ExpressionConverter parent, Expression linq)
   at System.Data.Entity.Core.Objects.ELinq.ExpressionConverter.TranslateExpression(Expression linq)
   at System.Data.Entity.Core.Objects.ELinq.ExpressionConverter.TranslateFunctionIntoLike(MethodCallExpression call, Boolean insertPercentAtStart, Boolean insertPercentAtEnd, Func`5 defaultTranslator)
   at System.Data.Entity.Core.Objects.ELinq.ExpressionConverter.MethodCallTranslator.StringContainsTranslator.Translate(ExpressionConverter parent, MethodCallExpression call)
   at System.Data.Entity.Core.Objects.ELinq.ExpressionConverter.MethodCallTranslator.TypedTranslate(ExpressionConverter parent, MethodCallExpression linq)
   at System.Data.Entity.Core.Objects.ELinq.ExpressionConverter.TypedTranslator`1.Translate(ExpressionConverter parent, Expression linq)
   at System.Data.Entity.Core.Objects.ELinq.ExpressionConverter.TranslateExpression(Expression linq)
   at System.Data.Entity.Core.Objects.ELinq.ExpressionConverter.TranslateLambda(LambdaExpression lambda, DbExpression input)
   at System.Data.Entity.Core.Objects.ELinq.ExpressionConverter.TranslateLambda(LambdaExpression lambda, DbExpression input, DbExpressionBinding& binding)
   at System.Data.Entity.Core.Objects.ELinq.ExpressionConverter.MethodCallTranslator.OneLambdaTranslator.Translate(ExpressionConverter parent, MethodCallExpression call, DbExpression& source, DbExpressionBinding& sourceBinding, DbExpression& lambda)
   at System.Data.Entity.Core.Objects.ELinq.ExpressionConverter.MethodCallTranslator.OneLambdaTranslator.Translate(ExpressionConverter parent, MethodCallExpression call)
   at System.Data.Entity.Core.Objects.ELinq.ExpressionConverter.MethodCallTranslator.SequenceMethodTranslator.Translate(ExpressionConverter parent, MethodCallExpression call, SequenceMethod sequenceMethod)
   at System.Data.Entity.Core.Objects.ELinq.ExpressionConverter.MethodCallTranslator.TypedTranslate(ExpressionConverter parent, MethodCallExpression linq)
   at System.Data.Entity.Core.Objects.ELinq.ExpressionConverter.TypedTranslator`1.Translate(ExpressionConverter parent, Expression linq)
   at System.Data.Entity.Core.Objects.ELinq.ExpressionConverter.TranslateExpression(Expression linq)
   at System.Data.Entity.Core.Objects.ELinq.ExpressionConverter.Convert()
   at System.Data.Entity.Core.Objects.ELinq.ELinqQueryState.GetExecutionPlan(Nullable`1 forMergeOption)
   at System.Data.Entity.Core.Objects.ObjectQuery`1.<>c__DisplayClass7.<GetResults>b__6()
   at System.Data.Entity.Core.Objects.ObjectContext.ExecuteInTransaction[T](Func`1 func, IDbExecutionStrategy executionStrategy, Boolean startLocalTransaction, Boolean releaseConnectionOnSuccess)
   at System.Data.Entity.Core.Objects.ObjectQuery`1.<>c__DisplayClass7.<GetResults>b__5()
   at System.Data.Entity.SqlServer.DefaultSqlExecutionStrategy.Execute[TResult](Func`1 operation)
   at System.Data.Entity.Core.Objects.ObjectQuery`1.GetResults(Nullable`1 forMergeOption)
   at System.Data.Entity.Core.Objects.ObjectQuery`1.<System.Collections.Generic.IEnumerable<T>.GetEnumerator>b__0()
   at System.Data.Entity.Internal.LazyEnumerator`1.MoveNext()
   at System.Collections.Generic.List`1..ctor(IEnumerable`1 collection)
   at System.Linq.Enumerable.ToList[TSource](IEnumerable`1 source)
   at FlyingSnow.Controls.AgencyControl.GetAgenciesByFilter(String key, Object value) in D:\GitHub\FlyingSnow.Travel\FlyingSnow.Controls\AgencyControl.cs:line 64           
ERROR Wechat Log Wechat - 2015/12/30 05:42:44,691   GetAgenciesByFilter Exception : System.NotSupportedException: Unable to create a null constant value of type 'System.Object'. Only entity types, enumeration types or primitive types are supported in this context.
   at System.Data.Entity.Core.Objects.ELinq.ExpressionConverter.ConstantTranslator.TypedTranslate(ExpressionConverter parent, ConstantExpression linq)
   at System.Data.Entity.Core.Objects.ELinq.ExpressionConverter.TypedTranslator`1.Translate(ExpressionConverter parent, Expression linq)
   at System.Data.Entity.Core.Objects.ELinq.ExpressionConverter.TranslateExpression(Expression linq)
   at System.Data.Entity.Core.Objects.ELinq.ExpressionConverter.StringTranslatorUtil.ConvertToString(ExpressionConverter parent, Expression linqExpression)
   at System.Data.Entity.Core.Objects.ELinq.ExpressionConverter.MethodCallTranslator.ToStringTranslator.Translate(ExpressionConverter parent, MethodCallExpression call)
   at System.Data.Entity.Core.Objects.ELinq.ExpressionConverter.MethodCallTranslator.TypedTranslate(ExpressionConverter parent, MethodCallExpression linq)
   at System.Data.Entity.Core.Objects.ELinq.ExpressionConverter.TypedTranslator`1.Translate(ExpressionConverter parent, Expression linq)
   at System.Data.Entity.Core.Objects.ELinq.ExpressionConverter.TranslateExpression(Expression linq)
   at System.Data.Entity.Core.Objects.ELinq.ExpressionConverter.TranslateFunctionIntoLike(MethodCallExpression call, Boolean insertPercentAtStart, Boolean insertPercentAtEnd, Func`5 defaultTranslator)
   at System.Data.Entity.Core.Objects.ELinq.ExpressionConverter.MethodCallTranslator.StringContainsTranslator.Translate(ExpressionConverter parent, MethodCallExpression call)
   at System.Data.Entity.Core.Objects.ELinq.ExpressionConverter.MethodCallTranslator.TypedTranslate(ExpressionConverter parent, MethodCallExpression linq)
   at System.Data.Entity.Core.Objects.ELinq.ExpressionConverter.TypedTranslator`1.Translate(ExpressionConverter parent, Expression linq)
   at System.Data.Entity.Core.Objects.ELinq.ExpressionConverter.TranslateExpression(Expression linq)
   at System.Data.Entity.Core.Objects.ELinq.ExpressionConverter.TranslateLambda(LambdaExpression lambda, DbExpression input)
   at System.Data.Entity.Core.Objects.ELinq.ExpressionConverter.TranslateLambda(LambdaExpression lambda, DbExpression input, DbExpressionBinding& binding)
   at System.Data.Entity.Core.Objects.ELinq.ExpressionConverter.MethodCallTranslator.OneLambdaTranslator.Translate(ExpressionConverter parent, MethodCallExpression call, DbExpression& source, DbExpressionBinding& sourceBinding, DbExpression& lambda)
   at System.Data.Entity.Core.Objects.ELinq.ExpressionConverter.MethodCallTranslator.OneLambdaTranslator.Translate(ExpressionConverter parent, MethodCallExpression call)
   at System.Data.Entity.Core.Objects.ELinq.ExpressionConverter.MethodCallTranslator.SequenceMethodTranslator.Translate(ExpressionConverter parent, MethodCallExpression call, SequenceMethod sequenceMethod)
   at System.Data.Entity.Core.Objects.ELinq.ExpressionConverter.MethodCallTranslator.TypedTranslate(ExpressionConverter parent, MethodCallExpression linq)
   at System.Data.Entity.Core.Objects.ELinq.ExpressionConverter.TypedTranslator`1.Translate(ExpressionConverter parent, Expression linq)
   at System.Data.Entity.Core.Objects.ELinq.ExpressionConverter.TranslateExpression(Expression linq)
   at System.Data.Entity.Core.Objects.ELinq.ExpressionConverter.Convert()
   at System.Data.Entity.Core.Objects.ELinq.ELinqQueryState.GetExecutionPlan(Nullable`1 forMergeOption)
   at System.Data.Entity.Core.Objects.ObjectQuery`1.<>c__DisplayClass7.<GetResults>b__6()
   at System.Data.Entity.Core.Objects.ObjectContext.ExecuteInTransaction[T](Func`1 func, IDbExecutionStrategy executionStrategy, Boolean startLocalTransaction, Boolean releaseConnectionOnSuccess)
   at System.Data.Entity.Core.Objects.ObjectQuery`1.<>c__DisplayClass7.<GetResults>b__5()
   at System.Data.Entity.SqlServer.DefaultSqlExecutionStrategy.Execute[TResult](Func`1 operation)
   at System.Data.Entity.Core.Objects.ObjectQuery`1.GetResults(Nullable`1 forMergeOption)
   at System.Data.Entity.Core.Objects.ObjectQuery`1.<System.Collections.Generic.IEnumerable<T>.GetEnumerator>b__0()
   at System.Data.Entity.Internal.LazyEnumerator`1.MoveNext()
   at System.Collections.Generic.List`1..ctor(IEnumerable`1 collection)
   at System.Linq.Enumerable.ToList[TSource](IEnumerable`1 source)
   at FlyingSnow.Controls.AgencyControl.GetAgenciesByFilter(String key, Object value) in D:\GitHub\FlyingSnow.Travel\FlyingSnow.Controls\AgencyControl.cs:line 64           
ERROR Wechat Log Wechat - 2015/12/30 05:42:44,882   GetAgenciesByFilter Exception : System.NotSupportedException: Unable to create a null constant value of type 'System.Object'. Only entity types, enumeration types or primitive types are supported in this context.
   at System.Data.Entity.Core.Objects.ELinq.ExpressionConverter.ConstantTranslator.TypedTranslate(ExpressionConverter parent, ConstantExpression linq)
   at System.Data.Entity.Core.Objects.ELinq.ExpressionConverter.TypedTranslator`1.Translate(ExpressionConverter parent, Expression linq)
   at System.Data.Entity.Core.Objects.ELinq.ExpressionConverter.TranslateExpression(Expression linq)
   at System.Data.Entity.Core.Objects.ELinq.ExpressionConverter.StringTranslatorUtil.ConvertToString(ExpressionConverter parent, Expression linqExpression)
   at System.Data.Entity.Core.Objects.ELinq.ExpressionConverter.MethodCallTranslator.ToStringTranslator.Translate(ExpressionConverter parent, MethodCallExpression call)
   at System.Data.Entity.Core.Objects.ELinq.ExpressionConverter.MethodCallTranslator.TypedTranslate(ExpressionConverter parent, MethodCallExpression linq)
   at System.Data.Entity.Core.Objects.ELinq.ExpressionConverter.TypedTranslator`1.Translate(ExpressionConverter parent, Expression linq)
   at System.Data.Entity.Core.Objects.ELinq.ExpressionConverter.TranslateExpression(Expression linq)
   at System.Data.Entity.Core.Objects.ELinq.ExpressionConverter.TranslateFunctionIntoLike(MethodCallExpression call, Boolean insertPercentAtStart, Boolean insertPercentAtEnd, Func`5 defaultTranslator)
   at System.Data.Entity.Core.Objects.ELinq.ExpressionConverter.MethodCallTranslator.StringContainsTranslator.Translate(ExpressionConverter parent, MethodCallExpression call)
   at System.Data.Entity.Core.Objects.ELinq.ExpressionConverter.MethodCallTranslator.TypedTranslate(ExpressionConverter parent, MethodCallExpression linq)
   at System.Data.Entity.Core.Objects.ELinq.ExpressionConverter.TypedTranslator`1.Translate(ExpressionConverter parent, Expression linq)
   at System.Data.Entity.Core.Objects.ELinq.ExpressionConverter.TranslateExpression(Expression linq)
   at System.Data.Entity.Core.Objects.ELinq.ExpressionConverter.TranslateLambda(LambdaExpression lambda, DbExpression input)
   at System.Data.Entity.Core.Objects.ELinq.ExpressionConverter.TranslateLambda(LambdaExpression lambda, DbExpression input, DbExpressionBinding& binding)
   at System.Data.Entity.Core.Objects.ELinq.ExpressionConverter.MethodCallTranslator.OneLambdaTranslator.Translate(ExpressionConverter parent, MethodCallExpression call, DbExpression& source, DbExpressionBinding& sourceBinding, DbExpression& lambda)
   at System.Data.Entity.Core.Objects.ELinq.ExpressionConverter.MethodCallTranslator.OneLambdaTranslator.Translate(ExpressionConverter parent, MethodCallExpression call)
   at System.Data.Entity.Core.Objects.ELinq.ExpressionConverter.MethodCallTranslator.SequenceMethodTranslator.Translate(ExpressionConverter parent, MethodCallExpression call, SequenceMethod sequenceMethod)
   at System.Data.Entity.Core.Objects.ELinq.ExpressionConverter.MethodCallTranslator.TypedTranslate(ExpressionConverter parent, MethodCallExpression linq)
   at System.Data.Entity.Core.Objects.ELinq.ExpressionConverter.TypedTranslator`1.Translate(ExpressionConverter parent, Expression linq)
   at System.Data.Entity.Core.Objects.ELinq.ExpressionConverter.TranslateExpression(Expression linq)
   at System.Data.Entity.Core.Objects.ELinq.ExpressionConverter.Convert()
   at System.Data.Entity.Core.Objects.ELinq.ELinqQueryState.GetExecutionPlan(Nullable`1 forMergeOption)
   at System.Data.Entity.Core.Objects.ObjectQuery`1.<>c__DisplayClass7.<GetResults>b__6()
   at System.Data.Entity.Core.Objects.ObjectContext.ExecuteInTransaction[T](Func`1 func, IDbExecutionStrategy executionStrategy, Boolean startLocalTransaction, Boolean releaseConnectionOnSuccess)
   at System.Data.Entity.Core.Objects.ObjectQuery`1.<>c__DisplayClass7.<GetResults>b__5()
   at System.Data.Entity.SqlServer.DefaultSqlExecutionStrategy.Execute[TResult](Func`1 operation)
   at System.Data.Entity.Core.Objects.ObjectQuery`1.GetResults(Nullable`1 forMergeOption)
   at System.Data.Entity.Core.Objects.ObjectQuery`1.<System.Collections.Generic.IEnumerable<T>.GetEnumerator>b__0()
   at System.Data.Entity.Internal.LazyEnumerator`1.MoveNext()
   at System.Collections.Generic.List`1..ctor(IEnumerable`1 collection)
   at System.Linq.Enumerable.ToList[TSource](IEnumerable`1 source)
   at FlyingSnow.Controls.AgencyControl.GetAgenciesByFilter(String key, Object value) in D:\GitHub\FlyingSnow.Travel\FlyingSnow.Controls\AgencyControl.cs:line 64           
ERROR Wechat Log Wechat - 2015/12/30 05:43:30,229   GetAgenciesByFilter Exception : System.NotSupportedException: Unable to create a null constant value of type 'System.Object'. Only entity types, enumeration types or primitive types are supported in this context.
   at System.Data.Entity.Core.Objects.ELinq.ExpressionConverter.ConstantTranslator.TypedTranslate(ExpressionConverter parent, ConstantExpression linq)
   at System.Data.Entity.Core.Objects.ELinq.ExpressionConverter.TypedTranslator`1.Translate(ExpressionConverter parent, Expression linq)
   at System.Data.Entity.Core.Objects.ELinq.ExpressionConverter.TranslateExpression(Expression linq)
   at System.Data.Entity.Core.Objects.ELinq.ExpressionConverter.StringTranslatorUtil.ConvertToString(ExpressionConverter parent, Expression linqExpression)
   at System.Data.Entity.Core.Objects.ELinq.ExpressionConverter.MethodCallTranslator.ToStringTranslator.Translate(ExpressionConverter parent, MethodCallExpression call)
   at System.Data.Entity.Core.Objects.ELinq.ExpressionConverter.MethodCallTranslator.TypedTranslate(ExpressionConverter parent, MethodCallExpression linq)
   at System.Data.Entity.Core.Objects.ELinq.ExpressionConverter.TypedTranslator`1.Translate(ExpressionConverter parent, Expression linq)
   at System.Data.Entity.Core.Objects.ELinq.ExpressionConverter.TranslateExpression(Expression linq)
   at System.Data.Entity.Core.Objects.ELinq.ExpressionConverter.TranslateFunctionIntoLike(MethodCallExpression call, Boolean insertPercentAtStart, Boolean insertPercentAtEnd, Func`5 defaultTranslator)
   at System.Data.Entity.Core.Objects.ELinq.ExpressionConverter.MethodCallTranslator.StringContainsTranslator.Translate(ExpressionConverter parent, MethodCallExpression call)
   at System.Data.Entity.Core.Objects.ELinq.ExpressionConverter.MethodCallTranslator.TypedTranslate(ExpressionConverter parent, MethodCallExpression linq)
   at System.Data.Entity.Core.Objects.ELinq.ExpressionConverter.TypedTranslator`1.Translate(ExpressionConverter parent, Expression linq)
   at System.Data.Entity.Core.Objects.ELinq.ExpressionConverter.TranslateExpression(Expression linq)
   at System.Data.Entity.Core.Objects.ELinq.ExpressionConverter.TranslateLambda(LambdaExpression lambda, DbExpression input)
   at System.Data.Entity.Core.Objects.ELinq.ExpressionConverter.TranslateLambda(LambdaExpression lambda, DbExpression input, DbExpressionBinding& binding)
   at System.Data.Entity.Core.Objects.ELinq.ExpressionConverter.MethodCallTranslator.OneLambdaTranslator.Translate(ExpressionConverter parent, MethodCallExpression call, DbExpression& source, DbExpressionBinding& sourceBinding, DbExpression& lambda)
   at System.Data.Entity.Core.Objects.ELinq.ExpressionConverter.MethodCallTranslator.OneLambdaTranslator.Translate(ExpressionConverter parent, MethodCallExpression call)
   at System.Data.Entity.Core.Objects.ELinq.ExpressionConverter.MethodCallTranslator.SequenceMethodTranslator.Translate(ExpressionConverter parent, MethodCallExpression call, SequenceMethod sequenceMethod)
   at System.Data.Entity.Core.Objects.ELinq.ExpressionConverter.MethodCallTranslator.TypedTranslate(ExpressionConverter parent, MethodCallExpression linq)
   at System.Data.Entity.Core.Objects.ELinq.ExpressionConverter.TypedTranslator`1.Translate(ExpressionConverter parent, Expression linq)
   at System.Data.Entity.Core.Objects.ELinq.ExpressionConverter.TranslateExpression(Expression linq)
   at System.Data.Entity.Core.Objects.ELinq.ExpressionConverter.Convert()
   at System.Data.Entity.Core.Objects.ELinq.ELinqQueryState.GetExecutionPlan(Nullable`1 forMergeOption)
   at System.Data.Entity.Core.Objects.ObjectQuery`1.<>c__DisplayClass7.<GetResults>b__6()
   at System.Data.Entity.Core.Objects.ObjectContext.ExecuteInTransaction[T](Func`1 func, IDbExecutionStrategy executionStrategy, Boolean startLocalTransaction, Boolean releaseConnectionOnSuccess)
   at System.Data.Entity.Core.Objects.ObjectQuery`1.<>c__DisplayClass7.<GetResults>b__5()
   at System.Data.Entity.SqlServer.DefaultSqlExecutionStrategy.Execute[TResult](Func`1 operation)
   at System.Data.Entity.Core.Objects.ObjectQuery`1.GetResults(Nullable`1 forMergeOption)
   at System.Data.Entity.Core.Objects.ObjectQuery`1.<System.Collections.Generic.IEnumerable<T>.GetEnumerator>b__0()
   at System.Data.Entity.Internal.LazyEnumerator`1.MoveNext()
   at System.Collections.Generic.List`1..ctor(IEnumerable`1 collection)
   at System.Linq.Enumerable.ToList[TSource](IEnumerable`1 source)
   at FlyingSnow.Controls.AgencyControl.GetAgenciesByFilter(String key, Object value) in D:\GitHub\FlyingSnow.Travel\FlyingSnow.Controls\AgencyControl.cs:line 64           
DEBUG Wechat Log Wechat - 2015/12/30 06:00:22,432   Begin Create Agency!{"CustomerName":"","CustomerPhone1":"","CustomerPhone2":"","StartDate":"","StartLine":"","AdultPrice":"","AdultCount":"","ChildPrice":"","ChildCount":"","OtherPrice":"","OtherDescription":"","TotalPrice":"","InsteadReceive":"","Agency":{},"OnwardTicketPrice":"","OnwardServicePrice":"","OnwardTicketPrice2":"","OnwardServicePrice2":"","BackwardTicketPrice":"","BackwardServicePrice":"","BackwardTicketPrice2":"","BackwardServicePrice2":"","SeeOffFee":"","InsuranceFee":"","AtTimeRefund":"","AtTimeAccept":"","OtherFee":"","OtherFeeDescription":"","Operator":{},"BackTimePlan":"","BackTicket":""}           
ERROR Wechat Log Wechat - 2015/12/30 06:01:27,220   SignleR CreateTravelItem Exception:Newtonsoft.Json.JsonSerializationException: Error converting value {null} to type 'System.DateTime'. Path 'StartDate', line 1, position 73. ---> System.InvalidCastException: Null object cannot be converted to a value type.
   at System.Convert.ChangeType(Object value, Type conversionType, IFormatProvider provider)
   at Newtonsoft.Json.Serialization.JsonSerializerInternalReader.EnsureType(JsonReader reader, Object value, CultureInfo culture, JsonContract contract, Type targetType)
   --- End of inner exception stack trace ---
   at Newtonsoft.Json.Serialization.JsonSerializerInternalReader.EnsureType(JsonReader reader, Object value, CultureInfo culture, JsonContract contract, Type targetType)
   at Newtonsoft.Json.Serialization.JsonSerializerInternalReader.CreateValueInternal(JsonReader reader, Type objectType, JsonContract contract, JsonProperty member, JsonContainerContract containerContract, JsonProperty containerMember, Object existingValue)
   at Newtonsoft.Json.Serialization.JsonSerializerInternalReader.SetPropertyValue(JsonProperty property, JsonConverter propertyConverter, JsonContainerContract containerContract, JsonProperty containerProperty, JsonReader reader, Object target)
   at Newtonsoft.Json.Serialization.JsonSerializerInternalReader.PopulateObject(Object newObject, JsonReader reader, JsonObjectContract contract, JsonProperty member, String id)
   at Newtonsoft.Json.Serialization.JsonSerializerInternalReader.CreateObject(JsonReader reader, Type objectType, JsonContract contract, JsonProperty member, JsonContainerContract containerContract, JsonProperty containerMember, Object existingValue)
   at Newtonsoft.Json.Serialization.JsonSerializerInternalReader.CreateValueInternal(JsonReader reader, Type objectType, JsonContract contract, JsonProperty member, JsonContainerContract containerContract, JsonProperty containerMember, Object existingValue)
   at Newtonsoft.Json.Serialization.JsonSerializerInternalReader.Deserialize(JsonReader reader, Type objectType, Boolean checkAdditionalContent)
   at Newtonsoft.Json.JsonSerializer.DeserializeInternal(JsonReader reader, Type objectType)
   at Newtonsoft.Json.JsonSerializer.Deserialize(JsonReader reader, Type objectType)
   at Newtonsoft.Json.JsonConvert.DeserializeObject(String value, Type type, JsonSerializerSettings settings)
   at Newtonsoft.Json.JsonConvert.DeserializeObject[T](String value, JsonSerializerSettings settings)
   at Newtonsoft.Json.JsonConvert.DeserializeObject[T](String value)
   at FlyingSnow.Web.SignalR.SItem.CreateTravelItem(String context) in D:\GitHub\FlyingSnow.Travel\FlyingSnow.Web\SignalR\SItem.cs:line 27           
DEBUG Wechat Log Wechat - 2015/12/30 06:03:04,648   Begin Create Agency!{"CustomerName":"","CustomerPhone1":"","CustomerPhone2":"","StartDate":"2022/02/22","StartLine":"2","AdultPrice":"","AdultCount":"","ChildPrice":"","ChildCount":"","OtherPrice":"","OtherDescription":"","TotalPrice":"","InsteadReceive":"","Agency":{},"OnwardTicketPrice":"","OnwardServicePrice":"","OnwardTicketPrice2":"","OnwardServicePrice2":"","BackwardTicketPrice":"","BackwardServicePrice":"","BackwardTicketPrice2":"","BackwardServicePrice2":"","SeeOffFee":"","InsuranceFee":"","AtTimeRefund":"","AtTimeAccept":"","OtherFee":"","OtherFeeDescription":"","Operator":{},"BackTimePlan":"","BackTicket":""}           
ERROR Wechat Log Wechat - 2015/12/30 06:06:16,149   SignleR CreateTravelItem Exception:Newtonsoft.Json.JsonSerializationException: Error converting value "" to type 'System.Double'. Path 'ChildPrice', line 1, position 147. ---> System.FormatException: Input string was not in a correct format.
   at System.Number.ParseDouble(String value, NumberStyles options, NumberFormatInfo numfmt)
   at System.String.System.IConvertible.ToDouble(IFormatProvider provider)
   at System.Convert.ChangeType(Object value, Type conversionType, IFormatProvider provider)
   at Newtonsoft.Json.Serialization.JsonSerializerInternalReader.EnsureType(JsonReader reader, Object value, CultureInfo culture, JsonContract contract, Type targetType)
   --- End of inner exception stack trace ---
   at Newtonsoft.Json.Serialization.JsonSerializerInternalReader.EnsureType(JsonReader reader, Object value, CultureInfo culture, JsonContract contract, Type targetType)
   at Newtonsoft.Json.Serialization.JsonSerializerInternalReader.CreateValueInternal(JsonReader reader, Type objectType, JsonContract contract, JsonProperty member, JsonContainerContract containerContract, JsonProperty containerMember, Object existingValue)
   at Newtonsoft.Json.Serialization.JsonSerializerInternalReader.SetPropertyValue(JsonProperty property, JsonConverter propertyConverter, JsonContainerContract containerContract, JsonProperty containerProperty, JsonReader reader, Object target)
   at Newtonsoft.Json.Serialization.JsonSerializerInternalReader.PopulateObject(Object newObject, JsonReader reader, JsonObjectContract contract, JsonProperty member, String id)
   at Newtonsoft.Json.Serialization.JsonSerializerInternalReader.CreateObject(JsonReader reader, Type objectType, JsonContract contract, JsonProperty member, JsonContainerContract containerContract, JsonProperty containerMember, Object existingValue)
   at Newtonsoft.Json.Serialization.JsonSerializerInternalReader.CreateValueInternal(JsonReader reader, Type objectType, JsonContract contract, JsonProperty member, JsonContainerContract containerContract, JsonProperty containerMember, Object existingValue)
   at Newtonsoft.Json.Serialization.JsonSerializerInternalReader.Deserialize(JsonReader reader, Type objectType, Boolean checkAdditionalContent)
   at Newtonsoft.Json.JsonSerializer.DeserializeInternal(JsonReader reader, Type objectType)
   at Newtonsoft.Json.JsonSerializer.Deserialize(JsonReader reader, Type objectType)
   at Newtonsoft.Json.JsonConvert.DeserializeObject(String value, Type type, JsonSerializerSettings settings)
   at Newtonsoft.Json.JsonConvert.DeserializeObject[T](String value, JsonSerializerSettings settings)
   at Newtonsoft.Json.JsonConvert.DeserializeObject[T](String value)
   at FlyingSnow.Web.SignalR.SItem.CreateTravelItem(String context) in D:\GitHub\FlyingSnow.Travel\FlyingSnow.Web\SignalR\SItem.cs:line 27           
DEBUG Wechat Log Wechat - 2015/12/30 06:08:13,705   Begin Create Agency!{"CustomerName":"","CustomerPhone1":"","CustomerPhone2":"","StartDate":"2015-12-30T06:08:09.453Z","StartLine":"","AdultPrice":0,"AdultCount":"","ChildPrice":0,"ChildCount":"","OtherPrice":0,"OtherDescription":"","TotalPrice":0,"InsteadReceive":"","Agency":{},"OnwardTicketPrice":"","OnwardServicePrice":"","OnwardTicketPrice2":"","OnwardServicePrice2":"","BackwardTicketPrice":"","BackwardServicePrice":"","BackwardTicketPrice2":"","BackwardServicePrice2":"","SeeOffFee":"","InsuranceFee":"","AtTimeRefund":"","AtTimeAccept":"","OtherFee":"","OtherFeeDescription":"","Operator":{},"ArriveDate":"2015-12-30T06:08:09.455Z","BackTimePlan":"","BackTicket":""}           
ERROR Wechat Log Wechat - 2015/12/30 06:08:47,009   SignleR CreateTravelItem Exception:Newtonsoft.Json.JsonSerializationException: Error converting value "" to type 'System.Double'. Path 'InsteadReceive', line 1, position 246. ---> System.FormatException: Input string was not in a correct format.
   at System.Number.ParseDouble(String value, NumberStyles options, NumberFormatInfo numfmt)
   at System.String.System.IConvertible.ToDouble(IFormatProvider provider)
   at System.Convert.ChangeType(Object value, Type conversionType, IFormatProvider provider)
   at Newtonsoft.Json.Serialization.JsonSerializerInternalReader.EnsureType(JsonReader reader, Object value, CultureInfo culture, JsonContract contract, Type targetType)
   --- End of inner exception stack trace ---
   at Newtonsoft.Json.Serialization.JsonSerializerInternalReader.EnsureType(JsonReader reader, Object value, CultureInfo culture, JsonContract contract, Type targetType)
   at Newtonsoft.Json.Serialization.JsonSerializerInternalReader.CreateValueInternal(JsonReader reader, Type objectType, JsonContract contract, JsonProperty member, JsonContainerContract containerContract, JsonProperty containerMember, Object existingValue)
   at Newtonsoft.Json.Serialization.JsonSerializerInternalReader.SetPropertyValue(JsonProperty property, JsonConverter propertyConverter, JsonContainerContract containerContract, JsonProperty containerProperty, JsonReader reader, Object target)
   at Newtonsoft.Json.Serialization.JsonSerializerInternalReader.PopulateObject(Object newObject, JsonReader reader, JsonObjectContract contract, JsonProperty member, String id)
   at Newtonsoft.Json.Serialization.JsonSerializerInternalReader.CreateObject(JsonReader reader, Type objectType, JsonContract contract, JsonProperty member, JsonContainerContract containerContract, JsonProperty containerMember, Object existingValue)
   at Newtonsoft.Json.Serialization.JsonSerializerInternalReader.CreateValueInternal(JsonReader reader, Type objectType, JsonContract contract, JsonProperty member, JsonContainerContract containerContract, JsonProperty containerMember, Object existingValue)
   at Newtonsoft.Json.Serialization.JsonSerializerInternalReader.Deserialize(JsonReader reader, Type objectType, Boolean checkAdditionalContent)
   at Newtonsoft.Json.JsonSerializer.DeserializeInternal(JsonReader reader, Type objectType)
   at Newtonsoft.Json.JsonSerializer.Deserialize(JsonReader reader, Type objectType)
   at Newtonsoft.Json.JsonConvert.DeserializeObject(String value, Type type, JsonSerializerSettings settings)
   at Newtonsoft.Json.JsonConvert.DeserializeObject[T](String value, JsonSerializerSettings settings)
   at Newtonsoft.Json.JsonConvert.DeserializeObject[T](String value)
   at FlyingSnow.Web.SignalR.SItem.CreateTravelItem(String context) in D:\GitHub\FlyingSnow.Travel\FlyingSnow.Web\SignalR\SItem.cs:line 27           
DEBUG Wechat Log Wechat - 2015/12/30 06:09:45,393   Begin Create Agency!{"CustomerName":"","CustomerPhone1":"","CustomerPhone2":"","StartDate":"2015-12-30T06:09:34.805Z","StartLine":"","AdultPrice":0,"AdultCount":"","ChildPrice":0,"ChildCount":"","OtherPrice":0,"OtherDescription":"","TotalPrice":0,"InsteadReceive":0,"Agency":{},"OnwardTicketPrice":"","OnwardServicePrice":"","OnwardTicketPrice2":"","OnwardServicePrice2":"","BackwardTicketPrice":"","BackwardServicePrice":"","BackwardTicketPrice2":"","BackwardServicePrice2":"","SeeOffFee":"","InsuranceFee":"","AtTimeRefund":"","AtTimeAccept":"","OtherFee":"","OtherFeeDescription":"","Operator":{},"ArriveDate":"2015-12-30T06:09:34.806Z","BackTimePlan":"","BackTicket":""}           
ERROR Wechat Log Wechat - 2015/12/30 06:11:56,513   SignleR CreateTravelItem Exception:Newtonsoft.Json.JsonSerializationException: Error converting value "" to type 'System.Double'. Path 'OnwardTicketPrice', line 1, position 280. ---> System.FormatException: Input string was not in a correct format.
   at System.Number.ParseDouble(String value, NumberStyles options, NumberFormatInfo numfmt)
   at System.String.System.IConvertible.ToDouble(IFormatProvider provider)
   at System.Convert.ChangeType(Object value, Type conversionType, IFormatProvider provider)
   at Newtonsoft.Json.Serialization.JsonSerializerInternalReader.EnsureType(JsonReader reader, Object value, CultureInfo culture, JsonContract contract, Type targetType)
   --- End of inner exception stack trace ---
   at Newtonsoft.Json.Serialization.JsonSerializerInternalReader.EnsureType(JsonReader reader, Object value, CultureInfo culture, JsonContract contract, Type targetType)
   at Newtonsoft.Json.Serialization.JsonSerializerInternalReader.CreateValueInternal(JsonReader reader, Type objectType, JsonContract contract, JsonProperty member, JsonContainerContract containerContract, JsonProperty containerMember, Object existingValue)
   at Newtonsoft.Json.Serialization.JsonSerializerInternalReader.SetPropertyValue(JsonProperty property, JsonConverter propertyConverter, JsonContainerContract containerContract, JsonProperty containerProperty, JsonReader reader, Object target)
   at Newtonsoft.Json.Serialization.JsonSerializerInternalReader.PopulateObject(Object newObject, JsonReader reader, JsonObjectContract contract, JsonProperty member, String id)
   at Newtonsoft.Json.Serialization.JsonSerializerInternalReader.CreateObject(JsonReader reader, Type objectType, JsonContract contract, JsonProperty member, JsonContainerContract containerContract, JsonProperty containerMember, Object existingValue)
   at Newtonsoft.Json.Serialization.JsonSerializerInternalReader.CreateValueInternal(JsonReader reader, Type objectType, JsonContract contract, JsonProperty member, JsonContainerContract containerContract, JsonProperty containerMember, Object existingValue)
   at Newtonsoft.Json.Serialization.JsonSerializerInternalReader.Deserialize(JsonReader reader, Type objectType, Boolean checkAdditionalContent)
   at Newtonsoft.Json.JsonSerializer.DeserializeInternal(JsonReader reader, Type objectType)
   at Newtonsoft.Json.JsonSerializer.Deserialize(JsonReader reader, Type objectType)
   at Newtonsoft.Json.JsonConvert.DeserializeObject(String value, Type type, JsonSerializerSettings settings)
   at Newtonsoft.Json.JsonConvert.DeserializeObject[T](String value, JsonSerializerSettings settings)
   at Newtonsoft.Json.JsonConvert.DeserializeObject[T](String value)
   at FlyingSnow.Web.SignalR.SItem.CreateTravelItem(String context) in D:\GitHub\FlyingSnow.Travel\FlyingSnow.Web\SignalR\SItem.cs:line 27           
DEBUG Wechat Log Wechat - 2015/12/30 06:12:33,604   Begin Create Agency!{"CustomerName":"","CustomerPhone1":"","CustomerPhone2":"","StartDate":"2015-12-30T06:12:28.885Z","StartLine":"","AdultPrice":0,"AdultCount":"","ChildPrice":0,"ChildCount":"","OtherPrice":0,"OtherDescription":"","TotalPrice":0,"InsteadReceive":0,"Agency":{},"OnwardTicketPrice":0,"OnwardServicePrice":"","OnwardTicketPrice2":0,"OnwardServicePrice2":"","BackwardTicketPrice":"","BackwardServicePrice":"","BackwardTicketPrice2":"","BackwardServicePrice2":"","SeeOffFee":"","InsuranceFee":"","AtTimeRefund":"","AtTimeAccept":"","OtherFee":"","OtherFeeDescription":"","Operator":{},"ArriveDate":"2015-12-30T06:12:28.886Z","BackTimePlan":"","BackTicket":""}           
ERROR Wechat Log Wechat - 2015/12/30 06:13:27,778   SignleR CreateTravelItem Exception:Newtonsoft.Json.JsonSerializationException: Error converting value "" to type 'System.Double'. Path 'OnwardServicePrice', line 1, position 303. ---> System.FormatException: Input string was not in a correct format.
   at System.Number.ParseDouble(String value, NumberStyles options, NumberFormatInfo numfmt)
   at System.String.System.IConvertible.ToDouble(IFormatProvider provider)
   at System.Convert.ChangeType(Object value, Type conversionType, IFormatProvider provider)
   at Newtonsoft.Json.Serialization.JsonSerializerInternalReader.EnsureType(JsonReader reader, Object value, CultureInfo culture, JsonContract contract, Type targetType)
   --- End of inner exception stack trace ---
   at Newtonsoft.Json.Serialization.JsonSerializerInternalReader.EnsureType(JsonReader reader, Object value, CultureInfo culture, JsonContract contract, Type targetType)
   at Newtonsoft.Json.Serialization.JsonSerializerInternalReader.CreateValueInternal(JsonReader reader, Type objectType, JsonContract contract, JsonProperty member, JsonContainerContract containerContract, JsonProperty containerMember, Object existingValue)
   at Newtonsoft.Json.Serialization.JsonSerializerInternalReader.SetPropertyValue(JsonProperty property, JsonConverter propertyConverter, JsonContainerContract containerContract, JsonProperty containerProperty, JsonReader reader, Object target)
   at Newtonsoft.Json.Serialization.JsonSerializerInternalReader.PopulateObject(Object newObject, JsonReader reader, JsonObjectContract contract, JsonProperty member, String id)
   at Newtonsoft.Json.Serialization.JsonSerializerInternalReader.CreateObject(JsonReader reader, Type objectType, JsonContract contract, JsonProperty member, JsonContainerContract containerContract, JsonProperty containerMember, Object existingValue)
   at Newtonsoft.Json.Serialization.JsonSerializerInternalReader.CreateValueInternal(JsonReader reader, Type objectType, JsonContract contract, JsonProperty member, JsonContainerContract containerContract, JsonProperty containerMember, Object existingValue)
   at Newtonsoft.Json.Serialization.JsonSerializerInternalReader.Deserialize(JsonReader reader, Type objectType, Boolean checkAdditionalContent)
   at Newtonsoft.Json.JsonSerializer.DeserializeInternal(JsonReader reader, Type objectType)
   at Newtonsoft.Json.JsonSerializer.Deserialize(JsonReader reader, Type objectType)
   at Newtonsoft.Json.JsonConvert.DeserializeObject(String value, Type type, JsonSerializerSettings settings)
   at Newtonsoft.Json.JsonConvert.DeserializeObject[T](String value, JsonSerializerSettings settings)
   at Newtonsoft.Json.JsonConvert.DeserializeObject[T](String value)
   at FlyingSnow.Web.SignalR.SItem.CreateTravelItem(String context) in D:\GitHub\FlyingSnow.Travel\FlyingSnow.Web\SignalR\SItem.cs:line 27           
DEBUG Wechat Log Wechat - 2015/12/30 06:16:27,214   Begin Create Agency!{"CustomerName":"","CustomerPhone1":"","CustomerPhone2":"","StartDate":"2015-12-30T06:16:23.896Z","StartLine":"","AdultPrice":0,"AdultCount":"","ChildPrice":0,"ChildCount":"","OtherPrice":0,"OtherDescription":"","TotalPrice":0,"InsteadReceive":0,"Agency":{},"OnwardTicketPrice":0,"OnwardServicePrice":0,"OnwardTicketPrice2":0,"OnwardServicePrice2":0,"BackwardTicketPrice":"","BackwardServicePrice":"","BackwardTicketPrice2":"","BackwardServicePrice2":"","SeeOffFee":0,"InsuranceFee":0,"AtTimeRefund":0,"AtTimeAccept":0,"OtherFee":0,"OtherFeeDescription":0,"Operator":{},"ArriveDate":"2015-12-30T06:16:23.896Z","BackTimePlan":"","BackTicket":""}           
ERROR Wechat Log Wechat - 2015/12/30 06:17:21,775   SignleR CreateTravelItem Exception:Newtonsoft.Json.JsonSerializationException: Error converting value "" to type 'System.Double'. Path 'BackwardTicketPrice', line 1, position 374. ---> System.FormatException: Input string was not in a correct format.
   at System.Number.ParseDouble(String value, NumberStyles options, NumberFormatInfo numfmt)
   at System.String.System.IConvertible.ToDouble(IFormatProvider provider)
   at System.Convert.ChangeType(Object value, Type conversionType, IFormatProvider provider)
   at Newtonsoft.Json.Serialization.JsonSerializerInternalReader.EnsureType(JsonReader reader, Object value, CultureInfo culture, JsonContract contract, Type targetType)
   --- End of inner exception stack trace ---
   at Newtonsoft.Json.Serialization.JsonSerializerInternalReader.EnsureType(JsonReader reader, Object value, CultureInfo culture, JsonContract contract, Type targetType)
   at Newtonsoft.Json.Serialization.JsonSerializerInternalReader.CreateValueInternal(JsonReader reader, Type objectType, JsonContract contract, JsonProperty member, JsonContainerContract containerContract, JsonProperty containerMember, Object existingValue)
   at Newtonsoft.Json.Serialization.JsonSerializerInternalReader.SetPropertyValue(JsonProperty property, JsonConverter propertyConverter, JsonContainerContract containerContract, JsonProperty containerProperty, JsonReader reader, Object target)
   at Newtonsoft.Json.Serialization.JsonSerializerInternalReader.PopulateObject(Object newObject, JsonReader reader, JsonObjectContract contract, JsonProperty member, String id)
   at Newtonsoft.Json.Serialization.JsonSerializerInternalReader.CreateObject(JsonReader reader, Type objectType, JsonContract contract, JsonProperty member, JsonContainerContract containerContract, JsonProperty containerMember, Object existingValue)
   at Newtonsoft.Json.Serialization.JsonSerializerInternalReader.CreateValueInternal(JsonReader reader, Type objectType, JsonContract contract, JsonProperty member, JsonContainerContract containerContract, JsonProperty containerMember, Object existingValue)
   at Newtonsoft.Json.Serialization.JsonSerializerInternalReader.Deserialize(JsonReader reader, Type objectType, Boolean checkAdditionalContent)
   at Newtonsoft.Json.JsonSerializer.DeserializeInternal(JsonReader reader, Type objectType)
   at Newtonsoft.Json.JsonSerializer.Deserialize(JsonReader reader, Type objectType)
   at Newtonsoft.Json.JsonConvert.DeserializeObject(String value, Type type, JsonSerializerSettings settings)
   at Newtonsoft.Json.JsonConvert.DeserializeObject[T](String value, JsonSerializerSettings settings)
   at Newtonsoft.Json.JsonConvert.DeserializeObject[T](String value)
   at FlyingSnow.Web.SignalR.SItem.CreateTravelItem(String context) in D:\GitHub\FlyingSnow.Travel\FlyingSnow.Web\SignalR\SItem.cs:line 27           
DEBUG Wechat Log Wechat - 2015/12/30 06:17:40,974   Begin Create Agency!{"CustomerName":"","CustomerPhone1":"","CustomerPhone2":"","StartDate":"2015-12-30T06:17:37.603Z","StartLine":"","AdultPrice":0,"AdultCount":"","ChildPrice":0,"ChildCount":"","OtherPrice":0,"OtherDescription":"","TotalPrice":0,"InsteadReceive":0,"Agency":{},"OnwardTicketPrice":0,"OnwardServicePrice":0,"OnwardTicketPrice2":0,"OnwardServicePrice2":0,"BackwardTicketPrice":0,"BackwardServicePrice":0,"BackwardTicketPrice2":0,"BackwardServicePrice2":0,"SeeOffFee":0,"InsuranceFee":0,"AtTimeRefund":0,"AtTimeAccept":0,"OtherFee":0,"OtherFeeDescription":0,"Operator":{},"ArriveDate":"2015-12-30T06:17:37.604Z","BackTimePlan":"","BackTicket":""}           
ERROR Wechat Log Wechat - 2015/12/30 06:17:52,379   SignleR CreateTravelItem Exception:Newtonsoft.Json.JsonSerializationException: Error converting value {null} to type 'System.DateTime'. Path 'BackTimePlan', line 1, position 623. ---> System.InvalidCastException: Null object cannot be converted to a value type.
   at System.Convert.ChangeType(Object value, Type conversionType, IFormatProvider provider)
   at Newtonsoft.Json.Serialization.JsonSerializerInternalReader.EnsureType(JsonReader reader, Object value, CultureInfo culture, JsonContract contract, Type targetType)
   --- End of inner exception stack trace ---
   at Newtonsoft.Json.Serialization.JsonSerializerInternalReader.EnsureType(JsonReader reader, Object value, CultureInfo culture, JsonContract contract, Type targetType)
   at Newtonsoft.Json.Serialization.JsonSerializerInternalReader.CreateValueInternal(JsonReader reader, Type objectType, JsonContract contract, JsonProperty member, JsonContainerContract containerContract, JsonProperty containerMember, Object existingValue)
   at Newtonsoft.Json.Serialization.JsonSerializerInternalReader.SetPropertyValue(JsonProperty property, JsonConverter propertyConverter, JsonContainerContract containerContract, JsonProperty containerProperty, JsonReader reader, Object target)
   at Newtonsoft.Json.Serialization.JsonSerializerInternalReader.PopulateObject(Object newObject, JsonReader reader, JsonObjectContract contract, JsonProperty member, String id)
   at Newtonsoft.Json.Serialization.JsonSerializerInternalReader.CreateObject(JsonReader reader, Type objectType, JsonContract contract, JsonProperty member, JsonContainerContract containerContract, JsonProperty containerMember, Object existingValue)
   at Newtonsoft.Json.Serialization.JsonSerializerInternalReader.CreateValueInternal(JsonReader reader, Type objectType, JsonContract contract, JsonProperty member, JsonContainerContract containerContract, JsonProperty containerMember, Object existingValue)
   at Newtonsoft.Json.Serialization.JsonSerializerInternalReader.Deserialize(JsonReader reader, Type objectType, Boolean checkAdditionalContent)
   at Newtonsoft.Json.JsonSerializer.DeserializeInternal(JsonReader reader, Type objectType)
   at Newtonsoft.Json.JsonSerializer.Deserialize(JsonReader reader, Type objectType)
   at Newtonsoft.Json.JsonConvert.DeserializeObject(String value, Type type, JsonSerializerSettings settings)
   at Newtonsoft.Json.JsonConvert.DeserializeObject[T](String value, JsonSerializerSettings settings)
   at Newtonsoft.Json.JsonConvert.DeserializeObject[T](String value)
   at FlyingSnow.Web.SignalR.SItem.CreateTravelItem(String context) in D:\GitHub\FlyingSnow.Travel\FlyingSnow.Web\SignalR\SItem.cs:line 27           
DEBUG Wechat Log Wechat - 2015/12/30 06:18:52,472   Begin Create Agency!{"CustomerName":"","CustomerPhone1":"","CustomerPhone2":"","StartDate":"2015-12-30T06:18:50.441Z","StartLine":"","AdultPrice":0,"AdultCount":"","ChildPrice":0,"ChildCount":"","OtherPrice":0,"OtherDescription":"","TotalPrice":0,"InsteadReceive":0,"Agency":{},"OnwardTicketPrice":0,"OnwardServicePrice":0,"OnwardTicketPrice2":0,"OnwardServicePrice2":0,"BackwardTicketPrice":0,"BackwardServicePrice":0,"BackwardTicketPrice2":0,"BackwardServicePrice2":0,"SeeOffFee":0,"InsuranceFee":0,"AtTimeRefund":0,"AtTimeAccept":0,"OtherFee":0,"OtherFeeDescription":0,"Operator":{},"ArriveDate":"2015-12-30T06:18:50.441Z","BackTimePlan":0,"BackTicket":""}           
ERROR Wechat Log Wechat - 2015/12/30 06:18:57,869   SignleR CreateTravelItem Exception:Newtonsoft.Json.JsonReaderException: Error reading date. Unexpected token: Integer. Path 'BackTimePlan', line 1, position 622.
   at Newtonsoft.Json.JsonReader.ReadAsDateTimeInternal()
   at Newtonsoft.Json.JsonTextReader.ReadAsDateTime()
   at Newtonsoft.Json.Serialization.JsonSerializerInternalReader.ReadForType(JsonReader reader, JsonContract contract, Boolean hasConverter)
   at Newtonsoft.Json.Serialization.JsonSerializerInternalReader.PopulateObject(Object newObject, JsonReader reader, JsonObjectContract contract, JsonProperty member, String id)
   at Newtonsoft.Json.Serialization.JsonSerializerInternalReader.CreateObject(JsonReader reader, Type objectType, JsonContract contract, JsonProperty member, JsonContainerContract containerContract, JsonProperty containerMember, Object existingValue)
   at Newtonsoft.Json.Serialization.JsonSerializerInternalReader.CreateValueInternal(JsonReader reader, Type objectType, JsonContract contract, JsonProperty member, JsonContainerContract containerContract, JsonProperty containerMember, Object existingValue)
   at Newtonsoft.Json.Serialization.JsonSerializerInternalReader.Deserialize(JsonReader reader, Type objectType, Boolean checkAdditionalContent)
   at Newtonsoft.Json.JsonSerializer.DeserializeInternal(JsonReader reader, Type objectType)
   at Newtonsoft.Json.JsonSerializer.Deserialize(JsonReader reader, Type objectType)
   at Newtonsoft.Json.JsonConvert.DeserializeObject(String value, Type type, JsonSerializerSettings settings)
   at Newtonsoft.Json.JsonConvert.DeserializeObject[T](String value, JsonSerializerSettings settings)
   at Newtonsoft.Json.JsonConvert.DeserializeObject[T](String value)
   at FlyingSnow.Web.SignalR.SItem.CreateTravelItem(String context) in D:\GitHub\FlyingSnow.Travel\FlyingSnow.Web\SignalR\SItem.cs:line 27           
DEBUG Wechat Log Wechat - 2015/12/30 06:19:27,686   Begin Create Agency!{"CustomerName":"","CustomerPhone1":"","CustomerPhone2":"","StartDate":"2015-12-30T06:19:24.583Z","StartLine":"","AdultPrice":0,"AdultCount":"","ChildPrice":0,"ChildCount":"","OtherPrice":0,"OtherDescription":"","TotalPrice":0,"InsteadReceive":0,"Agency":{},"OnwardTicketPrice":0,"OnwardServicePrice":0,"OnwardTicketPrice2":0,"OnwardServicePrice2":0,"BackwardTicketPrice":0,"BackwardServicePrice":0,"BackwardTicketPrice2":0,"BackwardServicePrice2":0,"SeeOffFee":0,"InsuranceFee":0,"AtTimeRefund":0,"AtTimeAccept":0,"OtherFee":0,"OtherFeeDescription":0,"Operator":{},"ArriveDate":"2015-12-30T06:19:24.583Z","BackTimePlan":"2015-12-30T06:19:24.584Z","BackTicket":""}           
ERROR Wechat Log Wechat - 2015/12/30 06:20:44,401   CreateTravelItem Exception : System.Data.Entity.Validation.DbEntityValidationException: Validation failed for one or more entities. See 'EntityValidationErrors' property for more details.
   at System.Data.Entity.Internal.InternalContext.SaveChanges()
   at System.Data.Entity.Internal.LazyInternalContext.SaveChanges()
   at System.Data.Entity.DbContext.SaveChanges()
   at FlyingSnow.Controls.TravelControl.CreateTravelItem(TravelItem item) in D:\GitHub\FlyingSnow.Travel\FlyingSnow.Controls\TravelControl.cs:line 88           
DEBUG Wechat Log Wechat - 2015/12/30 06:26:11,045   Begin Create Agency!{"CustomerName":"","CustomerPhone1":"","CustomerPhone2":"","StartDate":"2015-12-30T06:25:52.314Z","StartLine":"","AdultPrice":0,"AdultCount":"","ChildPrice":0,"ChildCount":"","OtherPrice":0,"OtherDescription":"","TotalPrice":0,"InsteadReceive":0,"Agency":{"AgencyContacts":[],"AgencyCode":"a001","AgencyName":"1","AgencyPrincipal":"","AgencyPrincipalPhone":"","AgencyFinancePhone":"","AgencyFax":"","AgencyAddress":"","Note":"","Id":1,"ItemGuid":"0678d4d0-6422-4948-923e-7a4f51fe490c","Commnet1":null,"Commnet2":null,"Commnet3":null,"Commnet4":null,"Commnet5":null,"CreateBy":"","CreateTime":"2015-12-24T08:51:39.133","LastUpdateBy":null,"LastUpdateTime":"2015-12-24T08:51:39.133"},"OnwardTicketPrice":0,"OnwardServicePrice":0,"OnwardTicketPrice2":0,"OnwardServicePrice2":0,"BackwardTicketPrice":0,"BackwardServicePrice":0,"BackwardTicketPrice2":0,"BackwardServicePrice2":0,"SeeOffFee":0,"InsuranceFee":0,"AtTimeRefund":0,"AtTimeAccept":0,"OtherFee":0,"OtherFeeDescription":0,"Operator":{"AgencyContacts":[{"Name":"2","Phone":null,"QQ":"2","IDCardNo":null,"Id":1,"ItemGuid":"d4e5df57-d158-4a62-951a-2d4bf944d793","Commnet1":null,"Commnet2":null,"Commnet3":null,"Commnet4":null,"Commnet5":null,"CreateBy":null,"CreateTime":"2015-12-30T11:30:19.467","LastUpdateBy":null,"LastUpdateTime":"2015-12-30T11:30:19.467"}],"AgencyCode":"a002","AgencyName":"2","AgencyPrincipal":"2","AgencyPrincipalPhone":"","AgencyFinancePhone":"","AgencyFax":"","AgencyAddress":"","Note":"","Id":2,"ItemGuid":"8d452116-340f-408a-9a03-b700416335d2","Commnet1":null,"Commnet2":null,"Commnet3":null,"Commnet4":null,"Commnet5":null,"CreateBy":"","CreateTime":"2015-12-30T11:30:19.467","LastUpdateBy":null,"LastUpdateTime":"2015-12-30T11:30:19.467"},"ArriveDate":"2015-12-30T06:25:52.314Z","BackTimePlan":"2015-12-30T06:25:52.315Z","BackTicket":""}           
ERROR Wechat Log Wechat - 2015/12/30 06:29:19,176   CreateTravelItem Exception : System.Data.Entity.Infrastructure.DbUpdateException: An error occurred while saving entities that do not expose foreign key properties for their relationships. The EntityEntries property will return null because a single entity cannot be identified as the source of the exception. Handling of exceptions while saving can be made easier by exposing foreign key properties in your entity types. See the InnerException for details. ---> System.Data.Entity.Core.UpdateException: An error occurred while updating the entries. See the inner exception for details. ---> System.Data.SqlClient.SqlException: The conversion of a datetime2 data type to a datetime data type resulted in an out-of-range value.
The statement has been terminated.
   at System.Data.SqlClient.SqlConnection.OnError(SqlException exception, Boolean breakConnection, Action`1 wrapCloseInAction)
   at System.Data.SqlClient.SqlInternalConnection.OnError(SqlException exception, Boolean breakConnection, Action`1 wrapCloseInAction)
   at System.Data.SqlClient.TdsParser.ThrowExceptionAndWarning(TdsParserStateObject stateObj, Boolean callerHasConnectionLock, Boolean asyncClose)
   at System.Data.SqlClient.TdsParser.TryRun(RunBehavior runBehavior, SqlCommand cmdHandler, SqlDataReader dataStream, BulkCopySimpleResultSet bulkCopyHandler, TdsParserStateObject stateObj, Boolean& dataReady)
   at System.Data.SqlClient.SqlDataReader.TryConsumeMetaData()
   at System.Data.SqlClient.SqlDataReader.get_MetaData()
   at System.Data.SqlClient.SqlCommand.FinishExecuteReader(SqlDataReader ds, RunBehavior runBehavior, String resetOptionsString)
   at System.Data.SqlClient.SqlCommand.RunExecuteReaderTds(CommandBehavior cmdBehavior, RunBehavior runBehavior, Boolean returnStream, Boolean async, Int32 timeout, Task& task, Boolean asyncWrite, SqlDataReader ds, Boolean describeParameterEncryptionRequest)
   at System.Data.SqlClient.SqlCommand.RunExecuteReader(CommandBehavior cmdBehavior, RunBehavior runBehavior, Boolean returnStream, String method, TaskCompletionSource`1 completion, Int32 timeout, Task& task, Boolean asyncWrite)
   at System.Data.SqlClient.SqlCommand.RunExecuteReader(CommandBehavior cmdBehavior, RunBehavior runBehavior, Boolean returnStream, String method)
   at System.Data.SqlClient.SqlCommand.ExecuteReader(CommandBehavior behavior, String method)
   at System.Data.SqlClient.SqlCommand.ExecuteDbDataReader(CommandBehavior behavior)
   at System.Data.Common.DbCommand.ExecuteReader(CommandBehavior behavior)
   at System.Data.Entity.Infrastructure.Interception.DbCommandDispatcher.<Reader>b__c(DbCommand t, DbCommandInterceptionContext`1 c)
   at System.Data.Entity.Infrastructure.Interception.InternalDispatcher`1.Dispatch[TTarget,TInterceptionContext,TResult](TTarget target, Func`3 operation, TInterceptionContext interceptionContext, Action`3 executing, Action`3 executed)
   at System.Data.Entity.Infrastructure.Interception.DbCommandDispatcher.Reader(DbCommand command, DbCommandInterceptionContext interceptionContext)
   at System.Data.Entity.Internal.InterceptableDbCommand.ExecuteDbDataReader(CommandBehavior behavior)
   at System.Data.Common.DbCommand.ExecuteReader(CommandBehavior behavior)
   at System.Data.Entity.Core.Mapping.Update.Internal.DynamicUpdateCommand.Execute(Dictionary`2 identifierValues, List`1 generatedValues)
   at System.Data.Entity.Core.Mapping.Update.Internal.UpdateTranslator.Update()
   --- End of inner exception stack trace ---
   at System.Data.Entity.Core.Mapping.Update.Internal.UpdateTranslator.Update()
   at System.Data.Entity.Core.EntityClient.Internal.EntityAdapter.<Update>b__2(UpdateTranslator ut)
   at System.Data.Entity.Core.EntityClient.Internal.EntityAdapter.Update[T](T noChangesResult, Func`2 updateFunction)
   at System.Data.Entity.Core.EntityClient.Internal.EntityAdapter.Update()
   at System.Data.Entity.Core.Objects.ObjectContext.<SaveChangesToStore>b__35()
   at System.Data.Entity.Core.Objects.ObjectContext.ExecuteInTransaction[T](Func`1 func, IDbExecutionStrategy executionStrategy, Boolean startLocalTransaction, Boolean releaseConnectionOnSuccess)
   at System.Data.Entity.Core.Objects.ObjectContext.SaveChangesToStore(SaveOptions options, IDbExecutionStrategy executionStrategy, Boolean startLocalTransaction)
   at System.Data.Entity.Core.Objects.ObjectContext.<>c__DisplayClass2a.<SaveChangesInternal>b__27()
   at System.Data.Entity.SqlServer.DefaultSqlExecutionStrategy.Execute[TResult](Func`1 operation)
   at System.Data.Entity.Core.Objects.ObjectContext.SaveChangesInternal(SaveOptions options, Boolean executeInExistingTransaction)
   at System.Data.Entity.Core.Objects.ObjectContext.SaveChanges(SaveOptions options)
   at System.Data.Entity.Internal.InternalContext.SaveChanges()
   --- End of inner exception stack trace ---
   at System.Data.Entity.Internal.InternalContext.SaveChanges()
   at System.Data.Entity.Internal.LazyInternalContext.SaveChanges()
   at System.Data.Entity.DbContext.SaveChanges()
   at FlyingSnow.Controls.TravelControl.CreateTravelItem(TravelItem item) in D:\GitHub\FlyingSnow.Travel\FlyingSnow.Controls\TravelControl.cs:line 88           
DEBUG Wechat Log Wechat - 2015/12/30 06:29:30,907   Begin Create Agency!{"CustomerName":"","CustomerPhone1":"","CustomerPhone2":"","StartDate":"2015-12-30T06:29:27.512Z","StartLine":"","AdultPrice":0,"AdultCount":"","ChildPrice":0,"ChildCount":"","OtherPrice":0,"OtherDescription":"","TotalPrice":0,"InsteadReceive":0,"OnwardTicketPrice":0,"OnwardServicePrice":0,"OnwardTicketPrice2":0,"OnwardServicePrice2":0,"BackwardTicketPrice":0,"BackwardServicePrice":0,"BackwardTicketPrice2":0,"BackwardServicePrice2":0,"SeeOffFee":0,"InsuranceFee":0,"AtTimeRefund":0,"AtTimeAccept":0,"OtherFee":0,"OtherFeeDescription":0,"ArriveDate":"2015-12-30T06:29:27.512Z","BackTimePlan":"2015-12-30T06:29:27.513Z","BackTicket":""}           
DEBUG Wechat Log Wechat - 2015/12/30 06:32:03,730   Begin Create Agency!{"CustomerName":"","CustomerPhone1":"","CustomerPhone2":"","StartDate":"2015-12-30T06:32:00.537Z","StartLine":"","AdultPrice":0,"AdultCount":"","ChildPrice":0,"ChildCount":"","OtherPrice":0,"OtherDescription":"","TotalPrice":0,"InsteadReceive":0,"OnwardTicketPrice":0,"OnwardServicePrice":0,"OnwardTicketPrice2":0,"OnwardServicePrice2":0,"BackwardTicketPrice":0,"BackwardServicePrice":0,"BackwardTicketPrice2":0,"BackwardServicePrice2":0,"SeeOffFee":0,"InsuranceFee":0,"AtTimeRefund":0,"AtTimeAccept":0,"OtherFee":0,"OtherFeeDescription":0,"ArriveDate":"2015-12-30T06:32:00.538Z","BackTimePlan":"2015-12-30T06:32:00.538Z","BackTicket":""}           
ERROR Wechat Log Wechat - 2015/12/30 06:32:33,288   SignleR CreateTravelItem Exception:System.NullReferenceException: Object reference not set to an instance of an object.
   at FlyingSnow.Web.SignalR.SItem.CompleteTravelItem(TravelItem& item) in D:\GitHub\FlyingSnow.Travel\FlyingSnow.Web\SignalR\SItem.cs:line 101
   at FlyingSnow.Web.SignalR.SItem.CreateTravelItem(String context) in D:\GitHub\FlyingSnow.Travel\FlyingSnow.Web\SignalR\SItem.cs:line 28           
DEBUG Wechat Log Wechat - 2015/12/30 06:33:27,766   Begin Create Agency!{"CustomerName":"","CustomerPhone1":"","CustomerPhone2":"","StartDate":"2015-12-30T06:33:21.808Z","StartLine":"","AdultPrice":0,"AdultCount":"","ChildPrice":0,"ChildCount":"","OtherPrice":0,"OtherDescription":"","TotalPrice":0,"InsteadReceive":0,"OnwardTicketPrice":0,"OnwardServicePrice":0,"OnwardTicketPrice2":0,"OnwardServicePrice2":0,"BackwardTicketPrice":0,"BackwardServicePrice":0,"BackwardTicketPrice2":0,"BackwardServicePrice2":0,"SeeOffFee":0,"InsuranceFee":0,"AtTimeRefund":0,"AtTimeAccept":0,"OtherFee":0,"OtherFeeDescription":0,"ArriveDate":"2015-12-30T06:33:21.809Z","BackTimePlan":"2015-12-30T06:33:21.809Z","BackTicket":""}           
ERROR Wechat Log Wechat - 2015/12/30 06:33:42,304   SignleR CreateTravelItem Exception:System.NullReferenceException: Object reference not set to an instance of an object.
   at FlyingSnow.Web.SignalR.SItem.CompleteTravelItem(TravelItem& item) in D:\GitHub\FlyingSnow.Travel\FlyingSnow.Web\SignalR\SItem.cs:line 101
   at FlyingSnow.Web.SignalR.SItem.CreateTravelItem(String context) in D:\GitHub\FlyingSnow.Travel\FlyingSnow.Web\SignalR\SItem.cs:line 28           
DEBUG Wechat Log Wechat - 2015/12/30 06:34:24,056   Begin Create Agency!{"CustomerName":"","CustomerPhone1":"","CustomerPhone2":"","StartDate":"2015-12-30T06:34:20.228Z","StartLine":"","AdultPrice":0,"AdultCount":"","ChildPrice":0,"ChildCount":"","OtherPrice":0,"OtherDescription":"","TotalPrice":0,"InsteadReceive":0,"OnwardTicketPrice":0,"OnwardServicePrice":0,"OnwardTicketPrice2":0,"OnwardServicePrice2":0,"BackwardTicketPrice":0,"BackwardServicePrice":0,"BackwardTicketPrice2":0,"BackwardServicePrice2":0,"SeeOffFee":0,"InsuranceFee":0,"AtTimeRefund":0,"AtTimeAccept":0,"OtherFee":0,"OtherFeeDescription":0,"ArriveDate":"2015-12-30T06:34:20.229Z","BackTimePlan":"2015-12-30T06:34:20.229Z","BackTicket":""}           
ERROR Wechat Log Wechat - 2015/12/30 06:42:35,794   CreateTravelItem Exception : System.Data.Entity.Infrastructure.DbUpdateException: An error occurred while updating the entries. See the inner exception for details. ---> System.Data.Entity.Core.UpdateException: An error occurred while updating the entries. See the inner exception for details. ---> System.Data.SqlClient.SqlException: The conversion of a datetime2 data type to a datetime data type resulted in an out-of-range value.
The statement has been terminated.
   at System.Data.SqlClient.SqlConnection.OnError(SqlException exception, Boolean breakConnection, Action`1 wrapCloseInAction)
   at System.Data.SqlClient.SqlInternalConnection.OnError(SqlException exception, Boolean breakConnection, Action`1 wrapCloseInAction)
   at System.Data.SqlClient.TdsParser.ThrowExceptionAndWarning(TdsParserStateObject stateObj, Boolean callerHasConnectionLock, Boolean asyncClose)
   at System.Data.SqlClient.TdsParser.TryRun(RunBehavior runBehavior, SqlCommand cmdHandler, SqlDataReader dataStream, BulkCopySimpleResultSet bulkCopyHandler, TdsParserStateObject stateObj, Boolean& dataReady)
   at System.Data.SqlClient.SqlDataReader.TryConsumeMetaData()
   at System.Data.SqlClient.SqlDataReader.get_MetaData()
   at System.Data.SqlClient.SqlCommand.FinishExecuteReader(SqlDataReader ds, RunBehavior runBehavior, String resetOptionsString)
   at System.Data.SqlClient.SqlCommand.RunExecuteReaderTds(CommandBehavior cmdBehavior, RunBehavior runBehavior, Boolean returnStream, Boolean async, Int32 timeout, Task& task, Boolean asyncWrite, SqlDataReader ds, Boolean describeParameterEncryptionRequest)
   at System.Data.SqlClient.SqlCommand.RunExecuteReader(CommandBehavior cmdBehavior, RunBehavior runBehavior, Boolean returnStream, String method, TaskCompletionSource`1 completion, Int32 timeout, Task& task, Boolean asyncWrite)
   at System.Data.SqlClient.SqlCommand.RunExecuteReader(CommandBehavior cmdBehavior, RunBehavior runBehavior, Boolean returnStream, String method)
   at System.Data.SqlClient.SqlCommand.ExecuteReader(CommandBehavior behavior, String method)
   at System.Data.SqlClient.SqlCommand.ExecuteDbDataReader(CommandBehavior behavior)
   at System.Data.Common.DbCommand.ExecuteReader(CommandBehavior behavior)
   at System.Data.Entity.Infrastructure.Interception.DbCommandDispatcher.<Reader>b__c(DbCommand t, DbCommandInterceptionContext`1 c)
   at System.Data.Entity.Infrastructure.Interception.InternalDispatcher`1.Dispatch[TTarget,TInterceptionContext,TResult](TTarget target, Func`3 operation, TInterceptionContext interceptionContext, Action`3 executing, Action`3 executed)
   at System.Data.Entity.Infrastructure.Interception.DbCommandDispatcher.Reader(DbCommand command, DbCommandInterceptionContext interceptionContext)
   at System.Data.Entity.Internal.InterceptableDbCommand.ExecuteDbDataReader(CommandBehavior behavior)
   at System.Data.Common.DbCommand.ExecuteReader(CommandBehavior behavior)
   at System.Data.Entity.Core.Mapping.Update.Internal.DynamicUpdateCommand.Execute(Dictionary`2 identifierValues, List`1 generatedValues)
   at System.Data.Entity.Core.Mapping.Update.Internal.UpdateTranslator.Update()
   --- End of inner exception stack trace ---
   at System.Data.Entity.Core.Mapping.Update.Internal.UpdateTranslator.Update()
   at System.Data.Entity.Core.EntityClient.Internal.EntityAdapter.<Update>b__2(UpdateTranslator ut)
   at System.Data.Entity.Core.EntityClient.Internal.EntityAdapter.Update[T](T noChangesResult, Func`2 updateFunction)
   at System.Data.Entity.Core.EntityClient.Internal.EntityAdapter.Update()
   at System.Data.Entity.Core.Objects.ObjectContext.<SaveChangesToStore>b__35()
   at System.Data.Entity.Core.Objects.ObjectContext.ExecuteInTransaction[T](Func`1 func, IDbExecutionStrategy executionStrategy, Boolean startLocalTransaction, Boolean releaseConnectionOnSuccess)
   at System.Data.Entity.Core.Objects.ObjectContext.SaveChangesToStore(SaveOptions options, IDbExecutionStrategy executionStrategy, Boolean startLocalTransaction)
   at System.Data.Entity.Core.Objects.ObjectContext.<>c__DisplayClass2a.<SaveChangesInternal>b__27()
   at System.Data.Entity.SqlServer.DefaultSqlExecutionStrategy.Execute[TResult](Func`1 operation)
   at System.Data.Entity.Core.Objects.ObjectContext.SaveChangesInternal(SaveOptions options, Boolean executeInExistingTransaction)
   at System.Data.Entity.Core.Objects.ObjectContext.SaveChanges(SaveOptions options)
   at System.Data.Entity.Internal.InternalContext.SaveChanges()
   --- End of inner exception stack trace ---
   at System.Data.Entity.Internal.InternalContext.SaveChanges()
   at System.Data.Entity.Internal.LazyInternalContext.SaveChanges()
   at System.Data.Entity.DbContext.SaveChanges()
   at FlyingSnow.Controls.TravelControl.CreateTravelItem(TravelItem item) in D:\GitHub\FlyingSnow.Travel\FlyingSnow.Controls\TravelControl.cs:line 88           
DEBUG Wechat Log Wechat - 2015/12/30 06:42:50,583   Begin Create Agency!{"CustomerName":"","CustomerPhone1":"","CustomerPhone2":"","StartDate":"2015-12-30T06:42:46.406Z","StartLine":"","AdultPrice":0,"AdultCount":"","ChildPrice":0,"ChildCount":"","OtherPrice":0,"OtherDescription":"","TotalPrice":0,"InsteadReceive":0,"OnwardTicketPrice":0,"OnwardServicePrice":0,"OnwardTicketPrice2":0,"OnwardServicePrice2":0,"BackwardTicketPrice":0,"BackwardServicePrice":0,"BackwardTicketPrice2":0,"BackwardServicePrice2":0,"SeeOffFee":0,"InsuranceFee":0,"AtTimeRefund":0,"AtTimeAccept":0,"OtherFee":0,"OtherFeeDescription":0,"ArriveDate":"2015-12-30T06:42:46.407Z","BackTimePlan":"2015-12-30T06:42:46.407Z","BackTicket":""}           
DEBUG Wechat Log Wechat - 2015/12/30 06:47:40,139   Begin Create Agency!{"CustomerName":"","CustomerPhone1":"","CustomerPhone2":"","StartDate":"2015-12-30T06:47:36.553Z","StartLine":"","AdultPrice":0,"AdultCount":"","ChildPrice":0,"ChildCount":"","OtherPrice":0,"OtherDescription":"","TotalPrice":0,"InsteadReceive":0,"OnwardTicketPrice":0,"OnwardServicePrice":0,"OnwardTicketPrice2":0,"OnwardServicePrice2":0,"BackwardTicketPrice":0,"BackwardServicePrice":0,"BackwardTicketPrice2":0,"BackwardServicePrice2":0,"SeeOffFee":0,"InsuranceFee":0,"AtTimeRefund":0,"AtTimeAccept":0,"OtherFee":0,"OtherFeeDescription":0,"ArriveDate":"2015-12-30T06:47:36.553Z","BackTimePlan":"2015-12-30T06:47:36.554Z","BackTicket":""}           
DEBUG Wechat Log Wechat - 2015/12/30 06:48:08,525   Begin Create Agency!{"CustomerName":"","CustomerPhone1":"","CustomerPhone2":"","StartDate":"2015-12-30T06:48:01.862Z","StartLine":"","AdultPrice":0,"AdultCount":"","ChildPrice":0,"ChildCount":"","OtherPrice":0,"OtherDescription":"","TotalPrice":0,"InsteadReceive":0,"Agency":{"AgencyContacts":[],"AgencyCode":"a001","AgencyName":"1","AgencyPrincipal":"","AgencyPrincipalPhone":"","AgencyFinancePhone":"","AgencyFax":"","AgencyAddress":"","Note":"","Id":1,"ItemGuid":"0678d4d0-6422-4948-923e-7a4f51fe490c","Commnet1":null,"Commnet2":null,"Commnet3":null,"Commnet4":null,"Commnet5":null,"CreateBy":"","CreateTime":"2015-12-24T08:51:39.133","LastUpdateBy":null,"LastUpdateTime":"2015-12-24T08:51:39.133"},"OnwardTicketPrice":0,"OnwardServicePrice":0,"OnwardTicketPrice2":0,"OnwardServicePrice2":0,"BackwardTicketPrice":0,"BackwardServicePrice":0,"BackwardTicketPrice2":0,"BackwardServicePrice2":0,"SeeOffFee":0,"InsuranceFee":0,"AtTimeRefund":0,"AtTimeAccept":0,"OtherFee":0,"OtherFeeDescription":0,"Operator":{"AgencyContacts":[{"Name":"2","Phone":null,"QQ":"2","IDCardNo":null,"Id":1,"ItemGuid":"d4e5df57-d158-4a62-951a-2d4bf944d793","Commnet1":null,"Commnet2":null,"Commnet3":null,"Commnet4":null,"Commnet5":null,"CreateBy":null,"CreateTime":"2015-12-30T11:30:19.467","LastUpdateBy":null,"LastUpdateTime":"2015-12-30T11:30:19.467"}],"AgencyCode":"a002","AgencyName":"2","AgencyPrincipal":"2","AgencyPrincipalPhone":"","AgencyFinancePhone":"","AgencyFax":"","AgencyAddress":"","Note":"","Id":2,"ItemGuid":"8d452116-340f-408a-9a03-b700416335d2","Commnet1":null,"Commnet2":null,"Commnet3":null,"Commnet4":null,"Commnet5":null,"CreateBy":"","CreateTime":"2015-12-30T11:30:19.467","LastUpdateBy":null,"LastUpdateTime":"2015-12-30T11:30:19.467"},"ArriveDate":"2015-12-30T06:48:01.862Z","BackTimePlan":"2015-12-30T06:48:01.863Z","BackTicket":""}           
